1111111111112222222222223333333333334444444444445555555555556666666666667777777777778888888888889999999999990000000000001111111111112222222222223333333333334444444444445555555555556666666666667777777777778888888888889999990000000000001111111111112223
4444444444445555555555556666666666667777777777778888888888889999999999990000000000001111111111112222222222223333333333334444444444445555555555556666666666667777777777778888888888889999999999990001122333333333333444449999995555555555556666666666662223
7777778889999999999990000000000001111111111112222222222223333333333334444444444445555555555556666666666667777777777778888889999999999990000000000001111111111112222222222223333333333334444445550001122666666666666444447777777777778888888888889999992223
7777778880000000000001111111111112222222222223333333333334444444444445666666666666777777777777888888888888999999999998888880000000000001111111111112222222222223333334444445555555555554444445550001122666666777777777777888888888888999999999999999992223
0000008881111111111112222222222223333333333334444444444445555555555555666666666666777888888888888999999000000000000111111222222222222333333333333444444444444553333334444446666666666667777775550001122666666888888888888999999999999000000000000111111113
0000008882222223333334444444444445555555555556666777777777777888888995000000000000777111111111111999999222222222222111111333333333333444444444444555555555555556666666666667777777777777777775558881122999999999999000000000000111111111111222222222222343
5555555552222223333336666666666667777777777776666888888888888888888995999999999999777000000000000111111223333333333334444444444445555555555556666666666667788559999999999990000000000001111112228881122333333333333444444444444555566666666666677777788343
9999999999990000000000001111111111112222222226666333333333333444444995555555555555777666666666666111111227777777777778888888888889999999999990000000000007788551111111111112222222222221111112228883333333333334444444444445555555566666666666677777788343
7777777777778888888888889999999999990000000000001111111111112444444995333333333333444444444444555555555226666666666667777777777778888888888889999999999997788550000000000001111111111112222222228883333333333334444444444445555555555566666666666677788343
8888889999999999990000000000001111111111112222222222223333332444444995555555555555666666666666777777888229999999999990000000000001111111111112223334444447788555555555555556666666666662222222227777777777778888888888889995555000055511111111111177788343
8888882222222222223333333333334444444444445555555555553333332444444995666666666666777777777777777777888228888889999999999990000111111111111232223334444447788444444444444555555666666666666777777777777888888888888999909991111000055522222222222277788343
3333333333334444444444445555555555556666666666667777777777772888888995000000000000111111111111222222888228888883333333333330000444444444444232223335555557788666666666666555555777777777777888888888888999999999999999909991111000055500000011111177788343
2222222222223333333333334444444444445555556666667777778888882888888995999999999999000000111111222222888222222222222333333440000555555555555232223335555556666666666667777777777778888888888889999999999990000000000999909991111111122200000011111133334345
6666666666667777777777778888888888885555556666667777778888882999999995000000000000000000111111111111111111222222222333333443333333333334444235555556666666666667777777777778888888888889999999999990000000000001111111102222223111122244444444444433334345
5555555555556666666666667777777777778888888888889999999999992999999995000000000000111111111111222222222222333333333334444445555555555554444235555556666666666667777778888888888889999999999990000000000001111111111112302222223111122244444444444433334345
5555555555556666666666667777777777778888888888889999999999992000000991111111111112222222222223333333333334444444444444444445555555555554444236666666666667777777777778899999999999900000000000011111111111122222233332304444443555522266666666666677784345
9999999999990000000000001111111111112222222222223333333333332000000994444445555555555556666666666667777777777778888884444449999999999990011232222222222227777773333338844444444444455555555555566666666666622222233332304444443555577778888888888877784345
9999999999990000000000001111111111112222222222223333333333332444444554444446666666666667777777777778888888888888888889999440000000000000011231111222222222222333333338844444444444455555555555566666666666677777733332308888883555577779999999999977784005
1111111111112222222222223333333333334444444444445555555555552444444556666667777777777778888888888889999999999990000009999111111111111220011231111333333333333334444448855555555555566666666666677777777777777777788882308888883999977770000000000077784005
1111111111112222222222223333333333334444444444445555555555552666777556666668888888888889999999999990000000000000000009999111111111111220011231111222222222222334444448833333333333344444444444455555555555566666688882307777773999988888888888899999984005
0000000000001111111111112222222222223333334444444444445555556666777557777778888888888889999990000001111111111112222223455555566666677220011238888888888889999330000008811111111111122222222222233333333333366666688882307777773999944444444444499999984005
5555555555556666666666667777777777773333338888888888885555556666777557777779999999999999999990000000000000000002222223455555566666677220011231111111111119999330000002222222222223333333333334444444444445555555555552306666663777777777777888888999984005
00000000000011111111111122222222222233333333333344444444444466667775555555555555566666666666677777777777788888899999934000000000000772211111111111122222299993333333333333344444444444455555555555566666666666677777723-8888888888899999999888888999984005
0000000000001111111111112222222222223333333333334444444444446555555555555666666666666777777777777888888998888889999993400000011111177222222222222222222223333333333334444444444445555555555556666666666667777777777772388888893000000000000111122999984335
4444444444445555555555556666666666667777777777778888888888886999999999999000000000000111111111111888888992222223333333400000011111177444444444444555555555555666666666666777777888888888888999999999999007777771111112388888893222222222222111122333384335
6666666666667777777777778888888888889999999999990000000000006111111111111222222222222333444444444444555992222223333333466666666666677777777888888888888999999000000000000777777111111111111222222333333004567771111112388888899999999999990111122333384335
1111111111112222222222223333333333334444444444445555555555556666666666666777777777777333888888888888555999999999999993400000000000011777777222222222222999999333333333333444444444444555555222222333333004567776666666688888897777777777770888822333384335
9999999999990000000000001111112222333333333333444444444444556666666666666777788888899333000000111111555992222222222223433333333333311444444444444555555555555666666666666777777888888555555999999999999004567770000000000001192222222222220888822333334335
4444444444445555555555551111112222666666666666777777777777556888888888888777788888899333000000111111555999999999999993400001223344411555566666666666677777777777788888899777777888888000000000000111111004567772222222222221193333334444550888822333334335
66666666666677777777777788888822229999999999990000000000005561111111111117777222334995555555555556666666666667777778834000012233444115555999999999999000000000000888888991111111111112222223333331111110045644444444444455511933333344445506666666666647-8
9999999999990000000000008888881111111111112222222222233334556555555555556677722233499888888888888999999999999777777883400001223344411555500000000000011111111111122222299333333333333222222333333444444444565555555555555551196666664444550777777777774788
8888888888889999999999990000001111111111112222333344433334556555555555556677722233499666666666666777777777777888888883499991223344411000000000000111111111111222222222299333333333333444444555555555556674568888888888885551196666669999550000000000004788
1111111111112222222222220000003333333333332222333344433334554444444444446677722233499555555555555666666666666888888887899991223399999999999900000000000011111222222222299333333333333444444444455556666674567777777777775551198888889999550999999999994788
0000000000001111111111112222223333334444552222333344466664777777888890016677722233433333333333344444455555555555666887899991223377777777777788888888888811111222222222299999999999999000000444455556666674561111222222222222398888889999550444444444444788
5555666677777788888899002222223333334444551111112244466664777777888890016633322233444444444444444444455667777778666887899991000000000000111111111111222222222222333333333333444444555000000444455556666674561111666666666666397777778888880999999999994788
5555666677777788888899000000000000004444551111112211166664222222888890016633322233444444444444455555555667777778666667899991777777777777888888888888999999999999000000000000444444555111122223333336666674561111444444444444357777778888880666666666664775
5555666688899990112299003333333333334444555555662211177774222222888890019933322233400000000000055555555661111118666667899991222222222222333333333333444444444444555555555555666666555111122223333337776674568888888888889999350012233333340555555555555776
7777778888899990112299009999999999994444555555662211177774000000888890019933311133422222222222233333355661111118444667855551666666777777777777888888888888999999999999000000666666555111122221111117772273333333333344449999350012233333345555555555556776
7777778888899990112299007777777777774444555555662211177774000000888890019988911133400000000000033333355661111118444667855551666666222222222222333333333333444444444444000000555555555555666661111117772277777778899044449999350012211111142222222222226776
3333338888844440112299005555555555556667777778662299999004111122223394419988911133455555555555566666655661111118444667855551777777777777888888888888999999999999000000000000111111111111666662222227772277777778899044443333350012211111144444444444446776
3333338855544440112266666677777777776667777778668999999004111122223394419988911133400000000000066666611111122228444667833333333333344444444444455555555555566666666666677777788888888888899992222220002271111118899022223333350012233333344444444444446776
5555558855544440112266666666666677776668899998668900001004111122223394419988922222222222233333333333311111122228444447855555555555566666666666677777777777788888888888877777799999999999999990000000002271111118899022223333350012233333341111111111116276
5555558855533330444444444466666677776668899998558900001006666666663394417788988888888888899999999999900000022228444447811111122222222222233333333333344444444444455555555555566667777890099990000000002271111118899022222333354415555555546666666666666276
7777778855533330999999999999000077771118899998558900001002222222223394417788933333333333344444444444400000055558666667811111177777777777788888888888899999900000000000011111166667777890022222233330004441111118899055552333354416666667748888888888886276
7777778899933330000000000000000011111118822228558933331004444444443394417755966666666666677777777777788888855558666669999999999990000000000001111112299999933333333333311111166667777890022222233334444445555555555055552333354416666667746777888899006276
1111118899922220333333333333000011111118822228558933331444444444444555557755966666666666677777788888888888855558999999999999000000000000111121111112233333333333344444444444455555566890077777733334444448888889900055552333154412222227746777888899006276
1111118899922220333333333333444411111118822228558933331566777888888555557755999999900000077777788888811112222333333333333444444444444555111126677772288888888888899999900000055555566890077777711114444448888889900022222333154412222227746777888899006276
4444448899922220555555555555444466666677777788558999991566777888888000117755999999900000022222222222211112222333333333333444444444444555111126677772255555555555599999900000066666666890077777711114448888889999900022222333104411111117746777222299006236
4444448844444455555555555566444466666677777788778999991566777888999000110055911111111111122222222222211112222333333444444444444555555555666626677772277777777777788888888888866666666899977777711110008888889999900022222333101111111117726333222299006234
5555555544444466666666666666777777777777888888778999991566777888999000110055999999999999900000000000011111122333333333333333333555555555666626644442255555555555566666666666677777766899988899999900001111119999900022222333101113333334426333222299005234
66666666666677777777777788669999999999998888887789000015661118889990001100222222222222333333333333444111111225555555555556666666666667776666266444488888888888899999999999900777777668999888999999000011111199999001222222221011133333344263333333334-6634
7777777777778888888888888866999999999999888880778900001566111888999112110033333333333344444444444444455555522666666666666777777777777777889926644440000000000001111111111110022222233899988844444400005555555555556122222222101117777774426333333333456634
8888888888889999999999998866000000000000111180772-22222222221333333112110044444444444455555555555544455555522667777777777778888889999777889920000000000001111111111112222220022222233899988844444403333333333334446155552222106667777774426778890000456634
1111111111112222222222228866333333333333111180774444445566111333333112780099999999999900000000000044411111122662222222222228888889999777889923333333333334444445555552222220066666633899977777788809999999999994446155552222106660000124426778890000456634
333333333333444444444444885555555555556711118088444444556699900111111278222222222222333333333333444441111112266555555555555666666999977788992888888888888444444555555999999006666663300007777778880111111222222444615555-333333333330124426778890000456634
4444444444445555555555558866666666666667777780888888885566999001111112789900000011111122222222224444433333333664444445555556666666666777889927777777777778888888888889999990099990033000011111188801111112222224446122334444106660000125526778896666456634
7777777777778888888888889999000000111167777780888888885566999001111112789900000011111122222222222233333333333664444445555554444556666777889926666666666667777777777778888999999990033000011111188800000001111112226122334444103333344125525778896666455634
7777777777778888889901119999000000111167777780882222225566999003333332789944444444444455555555555566666677777668888888888884444556666777999999000000111111111111222238888999999990044444444444455500000001111112226122334444603333344125525778896666455634
7777777777778888889901119999888888111167999980882222225066111003333332789922222222222233333333333366666677777444444444444554444556666667999999000000888888888888222238888999999900011111111111155502222222222222226122333334605556644125525788990000455634
1111111111112222229901113333888888444467999950886666665078111009999992789900000000000011111111111122222222222233333333333554444556666667555555555555666666666666222237777778999900000000000000055501111112233332226122333334645556644125525788990000455654
6666667777772222229901113333888899444467999950006666665078111119999992789922222222222233333333333344445555555555556677889554444550000007111111111111222222222222333437777778999900055555566666655501111112233337886122333334645556644125595788990000455650
6666667777771111119902233333888899444467444450005555555078111116666662787777777777778888888888889944440000000000006677889554444550000007111111111111222222222222333433333338999904455555566666655555555552233337886166673334645556644128895788999999450650
1111111111111111119902232344888899555567444450005555555078666116666662787777778888888888889999999944440000000000006677889551111112223337444444444444555555555555333433333338966604477777777777788888899992200007886166672224643336645128895788999999670650
8888889999999999990002232344111199555567444452003333335078666114444555787777776666667777779999999988888888888899996677889551111112223337000000111111111111223334333435555558966604466677777788888888899992200007889166672224643336645128895788999999670650
88888800000011122300022323441111995555674566520033333350786661144445557877777766666677777788888899999999999999999966778890000001122233370000002222222222222233343344355555589666044666777777888555555999922000078891666722246433366451288957-7778888670650
9999990000001112230002232344111199000067456652001111112078666114444555337777774444444444448888889955555555555599996677889000000112223337666666666666777777223334334438888888966604466699999988855555500000000007889111172224643336645228895777778888670650
9999993333331112230002232344444444000056456652771111112078888888888555339999999999990000001111119922222222222233333333339444444115555557666666666666777777223334334438888888977704466699999988888888899000000127339111174444645666645228895777778888670650
7777773333331112230008-88888888889000056456652770000112078222222222222333333333333330000001111114444444444445555555555559444444115555557666666666666777777228884334439999998977700000001111112288888899000000127339111174444645666645223495755966667670650
7777778888889992230000000000000009111156456652770000112078222222222222333333333333334444444444445555555555556666666666669777777118888887999999999999777777228884334439999998977700000001111112200000099111111127339111174444645666645223492755966667670350
44444488888899922355555555555566691111564566527700001120787777777777773388888888888899999999999900000011111111111122222297777771188888873333333333334444444488843344-5555555555506666666666662200000099111111127339177774444845666645223492755966667670350
4444449999999990031111232333336669111156454452775555112678777777777777338888888888889999999999990000000000000000002222229111111111111222222222222333333333338884444455555568977777777777788882299999999000000127339177771111845662345223492455555567670350
77788899999999900311112323333366699999564544027755551126111111111111222222222222333333333333444444444444555555555555666697777777777778888888888889999999999990144444555555622222222222233888822999999990000001273391777711118-55523456634924555555676703-7
77788888888888800311112323333366699999564544029955551126000000000000111111111111222222222222333333333333444444444444666655555555555566666666666677777777777-8014444999900162222222222223388882233333333333344125559177771111845552345663462455555567670377
7778887777777770038888292300000019999956454402992222222633333333333344444444444455555555555566677888888888888999999066661111111111112222222222223333333333338014444999900164444444444443355555555555566666644125559177777788845552345663462499999967670377
7778881111112220038888293300000019444456454402992222222655555566666666666677777777777788888866677999999999999999999000000000000011111111111122222222222233338014444999900164444444444443355555555555566666644125559677777788845552377663462499999967880377
999999111111222003888829330000001944445645440-111222222655555533333344444444444455555588888866677666666666666777888099999999999900000000000011111111111133338012444333300164444444444443355555555555566666644125557688888888845992377663462400000067880377
9999991111112222222223293300000019444456444401111222222655555533333366666666666655555577777766677888888888888777888099999999999900000000000011111111111133338012222333300163333333333333344444444444466666644125557688888888845992377663462400000067880377
6666661111112222222223293377777719888856444401111999999655555500000000000011111111111177777722277333333444444777888055556666666666667777777777778888990011118012222333300162222222222223333333333334444445544125557666789988845992377013462422222267880333
6666664444555555555553293377777719888866444407777999999688888888888899999999999900000000000022277333333444444777888055551111111111112222222222228888990011118012222333333164444444444445555555555554444445566665557666789988847992377013462422222267880333
888888444499999999999329330000001188886622220777733333364444444444445556666667777778888889992220000000000001111112205555333333333333444444444444888899001111801222233333316555555666666666666777777777777556666555766678998884799237701996240000006-111111
8888884444222222333333294400000011555566222207777333333666666666666655566666677777788888899922277777777777711111122088888888888899999999999900000000990011118012222233344165555555555666666666666777788885566669997666789988847992300019961400000062220333
4444444444222222333333294455555511555566222206666666666677777777777755588888888888899999999900000000000011112222222033333333333344444444444455555566990011118012222233344167777775555888888888888777788885599999997666789988047122300019961433333362220333
4444444444445555555553694455555511555566777708888888888889999999999955500000000000099999999911111111111111112222222022222222222233333333333355555566990011118012222233344147777775555555555555555777788885599999997666789988047126600019961733333382220333
9999999999990000000003694411111111222266777733333333333344444444444455555555555566666666666677777777777711118888922000000000000011111111111122222266334444448552666733344148888888888889999999999990000000099999997611782288037126600019961744444482220355
6666666666667777777773694411111111222289777700000000000011111122222233333333333345555556666666666667777777778888922088999999999999000000000022222266334444441552666722244344444444444445555555555556666777888888997611782288037126600019901744444481110355
2222223333334444445663674488899991222289000000000000111111111122222222222222222245555553333333333334444445558888966688777777888888888888999999999966330000001552666722244341111111111112222222222226666777888888997611782233037126600014401755555581116355
2222223333334444445663677888899991999989000000000000111111111111111122222233334445555555555556666664444445557888966688777777999999999999000000000066330000001552666722211342222222222223333333333336666777444444997511782233037126666014401755555581116355
7777777777778888885663677888899991999989999999999999111100000000000022222233334441111111111116666662222225557888966688333333444444444444555555666666337777771558-88889999999999990000000000001111112222777444444993511782233037126666014401744444481116355
5555555555558888885666677888877771999989888888888888999999999999000000000033334441111111111112222222222225557888966688333333333333333333555555666666337777771558888884411345555555555556666661111112222777777777993511782233037128866014401744444489996355
0000000000001234445666677855577771666689777777777777888888999999999999000000114442222222222222222223333334447888955588666666666666777777888888888888999999001111111724411343333334444446666665555552222666666777993588888833037128866994401700000089996311
2222222222221234445666677855577771666689333333333333888888444444444444000000114445555555555556666663333334447778955599999999999900777777111111111111999999001111111724411343333334444442222225555553333666666777453588888833036128866994401700000089996311
7777777777771234445886677855599999666689000000000000111111111111222222222222114443333334444446666665555554447778955566666666666600777777777777888888888888001999999724411340000000000002222221111113333222222777453533333344036128866995501766666689996311
7777777777771234445886677855599999888889999999999999000000000000111111111111112243333334444443333335555554447778955544445555556600777777777777888888888888001999999724499340000000000001111111111113333222222777453533333344036128822995503766666684446511
6666666666661237785886677899999900888889111111111111222222222222333333333333112244444444444443333335555555557778966644445555556600777777777777888888888888001999999724499340000000000001111111111111111112222223453544444444-55555555555503766666684446511
7777777777771237785886877899999900888889999999999999000000000000111111111111112242222222222223334444444444447778966644445555556600666666666666777777777777001999999728999300000000000011111111111122222232222223453544444444436555522995503666666674446511
8888888888881237785886877899999900000089111111111111222222222222333333333333442245555555555553336666777777887778966600005555556600111111111111222222333333331444445528999366666666666677778888999922222230000003453511111144426555522335503644444474446556
7777777777771237785886877899999900000088888888888899999999999900000011222233442244444444444453336666777777887678966600008888886699999999999900222222111111111444445528999222222222222377778888999944445530000003453511111144426555522335563644444477776556
889990000111123778222683784444440000005555555555556666666666660000001122223344227777777777775333666688888888767899900000888888661111111111110022222222222233333344552899955555555555537777888899994444553666666345357777889042611112233226363333337777-444
8899900001111237782226835644444400777777777777888888888888999999999911222233440000000000001152222233888888884678999055555555555566666666666600777777777777333333445528988888888888899300000000000044445536666663453177778890426111122332263633333377774444
889990000111123338222683564444444444445555555555556666666666667777771189013344222222222222115222223333333388467899904444444444445555556666660077777777777788888844552899999999999999930000001111112222553333333345-444568890426111122332263677778877774444
889999999111123338222-000000000001111112222333333333333444445577777711890133446666666666661157777733333333884678999088888888888855555566666600999999999999888888445528900000000000099300000011111122225533333333454444568890426112222332263677778873333556
8844499995555553386667835688888891111112222000000111111444445522222211890133333333333333441157777733555666674678999088888888888899999999999900000000000000111111442238944444444444499355556666667722225538888883454444568890426112222992263677778873333556
8844499995555553386667835688888890000002222000000111111111115522222222890133333333333344441155555633555666674677999088888888888899999999999900000000000012111111442238933333333333399355556666667744444438888883555166568890427112222992263688888873333556
9044411111111113386667835622222290000003333333333334444111115555555522890166666666666644441155555633555666674677977088888899999999999900000000000011111112222222332238944444444444499355555555557744444436666663555166567790427112222998863688888879999556
90444000000111133866678356222222922222222222233333344444444455555555228901555555555555444466555556-7777777777777977088888888888888888899999999999911111112222222332238901123333334444355555555557766666636666663555166567790427112277998868688888879999956
9000000000011111111117835622222293333333333333333334444444445544444422890155555555555544446656666677777777774677977088888888888899999999999900000000000012111111332238901123333334444355552222227766666633333334555166567790427112277998868655555579999956
9000066667711111111117835622222299999999999990000000000001112244444422890133333333333344446656666644444455574677977066666666666677777788888888888899901112111111332232201123334444444355552222227755555563333334777166567790827999077998868155555522222956
9000066667733333333337835644445697777777777778888888888881112299999922890100000000000044116656666644444455574677277033333333333377777744444444444499901112555555336732201123334448888399999999999955555560000004777166567790817999077228868133333322222944
9000066667755555566667835644445697777888888888888999999001112299999911890122222222222233116644444655555555574667277077777777777788888899999999999999901112555555336732201123334448888000000000000111111260000004777134567790817999077228858133333366666944
9077777787755555566667895644445697777000000000000999999001112211122211890133334444445533116644444655555555574667266666677777777788888888888888888899901112999999996732201123334448888000000000000111111261111114777134562222817999077223-44444444444666944
9077777787755555566667896666665697777777777777777888888009992211122211890133334444445533110000111622222222273667266666644444455555555555566666666666601112777777886732209920000000000001111111111112222261111114333334562222817444055223658177777777777944
90888888877555555999978966666656900000000000011118888880099922111222112222333333333355331100001116444444444736672555555444444666666666666777777777777011127777778867322099288888888888899999999999922222600000043333341-2222222222255223658133333344444944
9088888885555555599997896666665697777777777771111899990009991111122211222222223333335533110000111633333333373667255555544444444444455555555555566666607712888888886739909920000000000001111111111112222260000004333334122222817444055223658133333344444944
9033333384444445599996896666665677777788888891111899990009991100000011222222221111115533222222111633333333333667244444444444455555555555566666666666607712888888886779909928888888888889999999999990000261111114222234122222817444055333658144444444444955
9033333384444445566676898888885677777788888899999899990000001100000011111122221111115522222222333333333333443566277777777777788888888888866666699999907700001122886779909923333333333334444445555670000261111114222234188888819999055333658100000000000955
1111111182222225566676898888885633333333333399999844440000001155555511111166667777778822999999999999000000443566211111111111122222222222233333399999907700001122886779909924444444444444444445555670000265555554222234188888819999055333658166677888899955
0000001182222225566676892222225633333333333399999844440444441155555555555566667777778822666666666666000000443566277777777777788888888888833333399999907700001122006779911111111111122222222225555673333265555554444434156666819999077333658166677888899955
0000001180000005566676892222225611111111111192222844440444441133333355555566664444448822555555666666666666443566277777777777788888899999999999999999907700001122006779911111111111122222222222234673333265555556444434156666817777077333658166677888899955
8888881180000005599976-00011111111111122222292222833330444455533333366666677774444448822555555888888888888443566299999999999988888800000000000011111111100001122006772222222222223333333333334434673333255555556444434156666617777777333658866677999999955
8888881180000000099976000011111111111122222292222833330444455522223366666677774444448822555555555555666666443566777899999999999900000011111111111122223400001122005576667778888889999999999994434670000251111116222234153333647777777563658877777999999988
9999991180000001199976000022222222222233345596666833330444455522223377777777774444448888888888888899666666003512777833333333333300000044444444444422223455555566005576667778888887777777777774434670000851111116222299153333640000777563618877777999999988
9999991120000001199976333333333333444533345596666866660777755522223377777788888899999999999900000099111111003512777822222222222233334444444444445522223455555566005576667776666666666667777774434670000858888886222299153333640000777569618877700000011988
2223334425555551166676777777777777444533345596666866660777788888893300000088888811111111111100000099111111002512777833333333333333334444444444445555553466667866905576667771111111111117777774434672233858888886444599156666640000777569818877700000011988
2223334425555551166676999999999999444533345590000866660777788888893300000011111122222233333333333399444444002512555866666677777733338888888888885555553466667866905579999999999990000000000004434672233851111116444599256666643333777569818844444455511988
2223334426666661166676777777888888444599945590000000000000000111193322234411111122222255555555555599444444002512555866666677777766666666666677775555553466667866905578888888888889999999999900034672233851111116444599256666643333777569818844444455511988
2223334426666661166671777777888888222599945530000444444555555111196622234477777777777788888899999999000000002512555811111111111122222222222277775533333444447866905555555555556666667777778800034672233859999996444599250000643333777569818811111155511922
3333334424444444444441555555666666222599947738888444444555555111196622234499999999999988888899999900000000112212555833333344444455555555555577775533333444447866907777777777776666667777778800034882233859999996999501250000642222777569818811111155511922
3333334423333333333331555555666666222599947738888444444444444555596622234466666666666677778888889900000000112212111833333344444422222222222233333333333444447866904444444444445555555555558800034882233856666666999501250000642222777569818877777777777922
8888888829999999999991000000000000222511147738888222222222222555596633334444444444444477778888889900000000112212111855555555555566666666666633333377783499997866900000000000001111111111118822234883333856666666999501244444642222755569816877777777777722
8888889920000000000001111111111111222511147733333333333334444555596633334455666788888877779999999900000000112212111811111111111122222233333344444477783499997866905555555555556666666666668822277883333858888889999501244444640000755569816811111111111122
8888889922222222222221333333333333222511147734444444444444444555596633336655666788888877779999999900000000112212111888888888888822222233333344444477783499997866909999999999990000001111118822277883333828888889333501244444440000555569816666666666666722
8888889929999990000111222222222222222511147733333333333334444555594533336655666766666677777777779900888888112212999999999999000011222222222222333477785555557866906666666666660000001111117722277888888829999999333501244444400000555129816333333333333744
8888889929999990000111555555555555222566666637777777777778888555594599936655666766666677777777779900888888112222222222222233000011444444444444333455585555557866907777778888999999999999007711177-222222222229993335012333333044445551298-5555555555567744
8888889999999000000111111111111111222266666633333333333338888444494599936655555767777778888888888800999999112200000000000033000011111111111111333455582233447866907777778888555555555555007711177668888728899909333501233333304444555121822222222222267744
888888999999900333311144444455555522226677773888888999999888844440459993665555576777777111111111110099999911223333333333333344441155555566666633345558223344-777777777778888888888888888007711177669999728899909000001211111104444522121336444444555567744
6666666666667003333111444444555555222266777738888889999998888444404599936690555761111111111112233300444444112255555555555533444411555555666666666455582233447766888888888888999999999999007711100669999728899909000001111111102222522121336444444555567744
3333333333337003333111444444444445556666777737777888888908888111104522222290555763333333333332233300444444112244444444444433444411555555555555666466682233447766777777777777888888888888007799900669999728899909000001100000002222522121336111112555567744
3333333333337004444444444445555555556666666667777888888908888111104522222290-7777777777788888223330099999911220000001222233344444444444455555566646668223344-766666666666666777777777777008899900669999728801109222201100000002222522121336111112333467755
6666666666667007777777777775555555556666666667777888888909999111104500000090111111111111888882233322999999332400000012222355555555555566555555666466682233447777777788888888888899999999998899900669999728801109222201122222203333522121336445662333467755
7777777777777888888888888999999005556666111111111888888909999222204500000090-33333333333455552266622777788332499999912222300000000000066111111222466683333337777777744444444444455555555558899900679999728801109222201122222203333522121336445662333467755
9999999999997000000000000999999001116622222222222233334909999222204555555590666767777889455552266622777788332499999910000311111111111166111111222422223333337733334444445555555555556666668877700678888728801109999901100000003333512121333445662333467755
444444444444755555555555566666600111667777777777773333490888822220455555559066696777788945555006662277778833241111111000032222222222226633333322242222444445553333444444666666666666666666887777767888872880110-889001100000001111512121333445662222467755
3333333333337444444444444666666001115555555555556633334908888777704588888890666967777889499990066622000188332411111110000322222222222266333333222422224444455533333333333333334444445555668877777678888778801108889001188888801111912121333445662222467055
1111111111117222222222222333333001114444444444446655554908888777706688888890666967777889499990088822000188332499900011112333333333333366444444444444555556655577777777777788884444445555669977777670001778802208889001188888831111912451333445662222467066
7777777777777888888888888333333009999999999990006655554901111777706622222290333967777889499990088844000188552499900011112366677777777777788888888888555556655599999999999988880000005555669911177670001778802208889001122223334444912451555675882222490066
1111111111117222222333333333333444444444444550006655554901111666606622222290333977777889488890088844000100552499900011112366611111111111122222222222233336645556666667777788880000008888669911177670001-9999999999900112222333444491245-000000000011490066
2222222222227222222333333333333444444444444550006655554901111666666677777790333978888889488890088844999100550499900011112366611111111111122222222222233336645556666667777733333344448888669911177670001555502267779001122223334444912458888675882911490066
0000000000001111112222223333333333334445556550006655554907789666666677777700333978888889488891111244999100550433333314452366666666666666677777788888833336645559999999999933333344448888669911100671111555502267779001222223333333912458888675882911490066
44444444444411111122222255555555555544455565566667555548-9990000061111112200333974444449488891111244999100550433333314452355555555555566677777788888877776645558888888888889901144442222229933300671111555502267779001222223333333912458888675884911490066
5555555555556666667777777777778888884445556556666790004899990000061111112200333974444449411191111244999100550422333334452444444444444566666666666666677777748888888888889999901100002222221133300671111273333367779001444443333333912455555675884911-66666
777777888888666666999999999999888888444555655666679000489999900006111111220033397222222941119333324444410055062233333445277777777777756668888888888887777774999999000011999990110000222222113330067111127333336334905-555555555566912455555677784911666666
7777778888889999990000000000001111111111116222222790004837789000061111112200333972222229411193333244444156550622777774452888888888888566699999999999900007749999990000119999901100002222221133300111121273334563349066666677738866912455555677784999990000
1111111111119999992222223333333333334444446222222790005837789000066666662200778979999990411193333211112156550622777774452333333333333544444444444455500007746666770000119999901188888899991100000111121273334563349066666677738866911452233677784999990000
4444444444445555552222226666666666664444446777777798885839989000066666662211778279999990433394444211112156550622555555652777777777777588888888888855500007746666779999110009901188888899991100011111121273334563342222223377738866911452233677784999990000
4444444444445555555555666666666666778888886777777798885839989000069999990111778272222220433394444211112356550622555555652444444444444555555555555555566667746666779999110007708888889999991100011000021213334563342222223377738866211452233677784999990-33
444444555555555555555566666666666677888888677788879888583998900006999999011177827222222043339444429999235655060000001265333333333333455555555555555556666664777777999911000770888888998888880001100002-999999999990000003311118866211222233677784933390333
4444444444444444445555555555555555776666666777888798885839989778869999990111778270000000433391111299992356230600000012654444444444444555555555555566666666647777777777770007708888889988888899911000020011114562240000003311118833211222233444484933355333
6666666666667777777777778888888888776666666777888799995839989778869999990111778200000000411231111299992356230644444412655555556666774588888888888866699996607777777777771117708888889922222299911333320011114562244444443311115533211222233444484933355333
6666666666667777777777778888888888779999996777888799995839989778800000010111228203333330411231111244442356235644444412655555556666774566666666666666699996607777777777771117708888889922222299911333320011114592244444443300005533211222222444484333355444
555666666666666777777777777888899977999999-000000000005831111778800000010122228203333330411233333344442356235644444412655555566666774577777777777766699996608888888888881117708888889999990199922333320013334592244444444400005533211222222555584366655444
5557777777777778888999999008888999111111111111222299995331111778844444410122228205555550411233333344442356235644444412655555566666774577777777777788888896600000000000001111111111111199990122222333320013334592244444445500005533211222222555586366655444
5557777777777778888999999008888999888888888888222299995331111778844444410122228205555550411230000000002356235611111112622222266666774333333333333488888895506666667777777777778888889999990122222333320013334592244444445500005533211111111555586366655444
5552222222222228888333333004444999555555555555222299995336666777777777710122228208888880411239999999992356235011111112622222266666774111111111111422222295506666663333334445558888889966660122222333327713334598888889995500005500211111111111116366622223
4444444444445555556333333004444777777777777888889999995306666111111222210122228208888880333234444444442355235066666612677777768888884999999999999422222295500000003333334445551111119966660122222222227713333398888889995500004400211555555111116366622223
7777778889995555556000000004444111111111111888889922223306666111111222210122444205555556333237777777777355235066666612677777768888884888888888888499999995500000000000004445551111119966660111122222227713333392222229995533334400244555555555556366622223
7777778889996666666000000007777778888888888889999922223300000000000222210111444205555556333233333334444355235055555512666677768888884999999999999499999995500000000000004445551111119922220111133333347715555692222229995533334400244777777555556366688993
0000008889996666666111111227777773333334444559999922223306666666666667718811444209999996333233333334444055235055555512666677768888884111111111111422222295500000003333333333331111119922220111133333347745555695555555555533334400644777777777786366688993
0000008889999999006111111221111113333334444559999922223303333333333337718811444209999996444235555554444055235066667777666677768888888888889999990422222291102222222222223333333333334422220111155555547745555696666666666667774400644888888777786399988993
0000000000009999006111111221111112222224444559999922223303333334445567718811777208888996444235555550000055115066667777222277763333333333339999990444444491105555555555556666666666664477770188855555549940000691111111111117774423644888888777786399988993
4444444444449999006111111225555552222226666557777822223303333334445567718811777298888996444000000110000023115066667777222244465555555555556677770444444491188888888888899999999999904477770188811111149940000692222222222227773323644444444555586399988993
6666666666667777006888888225555559999996666557777800003301111114445567728811777298888996444000000110000023113044444456222244467777777777776677770488888891199999999999900000000000004477770188811111149940000611111111111127773323633444444555586-44444444
5555555555557777006888888226666669999996666557777800003301111114445567728877777298888996999999999110000023113044444456111144422222222222236677770488888891144444444444455555555555504466666688877777749948899600000011111122223323633333333555586444444443
5555555555557777006666666776666668888889999999999800003001111111115562324477555298888996666666777110000023113088889956111144400000000000036611110422222231144444444444455555566666604466666677777777749948899600000011111122223323633333333899081111112233
4444444444445555556666666776666668888887777777777888883009999990015562324477555298888996666666777110000023113088889956111122222222222233336611110422222235555666677777755555566666608888999977700001249948899633333333333322223323633444444899081111112233
5555555555555555556666666776666667777777777778888888883009999990019962324477555290000006111122777113333023453-66666666666777777777777833336611110499999935555666677777700000000000008888999977700001241148899622222222222222223323633444444899083333332234
5555555555556666667666666778888888888889999998888888883000000010019962324477555290000006111122777223333023453333349956555555555555667833338888880499999935555666699999999999900000008888999977700001241148899611111111111122222323633444444899083333332234
5555555555556666667666666777777777777779999998888888888000000010019962324477999290001111111122222223333023453333349956333333333333667833338888880444444435555555555556666666600000007777777777778891241148899600000000000022222323611444444899082222222234
33333333333344444476666667755555555555566666666668888880777777100199623244889999900011110000222222211110234533333499562222222222226678333344445504444444366666666666677777777777788099999900001288912-3333333333344444444422222323611555555899082222222234
6666666666664444447777777777777888888888888999999800001077777710019962322288999990001111000022222221111323453456748856999999999999667833334444550400000031111112222222222223455568809999990000128891277777777777788888888829999323-00000000000011111122334
4444444444445555667777777777777888888888888999999800001099999910019962322288999990001112000022222221111323453456748856333333333333667833334444554400000031111115555555555553455568806666660000128891271188888888888899999929999323000000000811011111122334
222222222222555566733333333333344444444444455555580000109999991001666232228877799888111299990000022111132345345674885622222222222266-833333333554444444435555555555556666663455568806666667777128891278888999999000099999929999312211333333811044444422334
5555555555555555667666777777777777888888888555555990001011111110016662322288777928881112999900000331111345453456748856666666666667777888833333554444444439999999999996666663455568800000017777128891278888999999000022223324444312211333333811044444422334
5555555555556666667666777777777777888888888888990990001011111110016662312288777928881112999922223331111345454456748855555555555567777888833333554477777738888888888889999993400068800000017777121191278888222222000022223334444312244445555811066666622334
7777777777776666667666888888888888999999999999990990001000000010016662312212777928883342555522223336666345454456748877777777777767777888888888894477777730000000000009999993400061111112213333121191274444222222555622223334444312244445555811066666622334
7777778899996666667666000000000000111111111111990990001200000010013333314412555926663342555522223336666345454456747777777777778967777888888888894400000000000011111111111123400061111112213333121191274444333333555644443335556312244445555-77777777777384
77777788999999999970000001111111111112222222229909933312444456177-7777777772555926663342555588883336666345454456749999999999998960007811111122294333333333333444444444444523400066666662213333121197774444333333555644443335556312288888888888899999999384
0000008899999999997000000111111111112222223333990993331244445614444445514412555926663342666688883337777345884456749999999999998960007011111122294111111111111222222222222523433366666662214444121197775555556666555644443335556317777777777778888888888389
0000008800000000000011111111111122222222223333990333331244445644444445514412555926663342666688883557777345884456766666666666678960008090000022294111111111111222222222222523433363333332214444121197775555556666444655555535556617777777777778888889901389
2222228833333333333344444444444422225555553333660333331277775648888885514412999920013342666622223557777345884456733333333333378960008090000022294444444444444555555555555523433363333332214444126667777777886666444655555539996610000000000008888889901389
2222228811111111111122222222222222225555553456660337771277775648888885514412999820019942000022223551112345884456733333333333378964458096666667794888888888888999999999999523433360000001213344446667777777885555444666666639996617777777777778888889901389
9999999999990000000000001111112222223333333456660337774277775645555555516612999820019942000022223551112-77884999999999999001178964458096666667794222222222222333333333333524444440000001213344446667777777885555444666666639996615555555555558888889901689
77777777777788888899999911111122222233333334566603377742000056455555555166129998200199410000222235511127778843333333333330011789644580944444-5555555555556666666666667777524444448888881213344446669999990885555111622222239996613333333333334444449901689
555555555555888888999999666666666666777777345666033777420000564888888881661299982001994100002222355111277788411111111111100117896445809444444779222222-2222233333333377775244444488888812133556666699999908877771116222222388866999999999999-0000011101689
22222222222233333333333344444444444477777734566605555542000056466666666166129998-7777777777722223-8888888888899999999999900117896445809000000779111111-1111122222222277775244444433333312-44444555555667708-7777111688888838886699999999999900000011101689
00000000000011111111111122222222222233333334564445555542555556466666666-66629998777199410000888888-88889998800000000-00010011789-222222222220779333333-33333444444-44444-55555-5555533312444444555555667706-66666666668888-7777777777788888888888811101689
99999999999900000000000011111111111133333334564442222242555556433333333366449998777155-555555556666777299988888888888888-00117899995809000000000000111111111111222222222222333333333333-2444555555566667707777778888888888-8886699999999999900000011101689
1111112222222222223333333333334444444444443456444222224-55555555555666666-6666687771777188889996666777299900000000000011122227-3333333333344444455555566666666666677777885-99999999999-00000000000-66667707777771111111111112226333333333333000000444016-5
11111166666666666677777777777788888899999934564440000-0000000-11111-11111-22222222222771-88899966667772999333333333333111222-4-444-44455554444445555556666666666667777788-77777777777-88888888889996666770000000111111111111222622222222222233333344401655
444444444444555555-555556666668888889999993456777777-77777888888888888999944-000000000008888999-11111111111222222333331112222444999555-5555-5555666666666-6677777788888-9999999999990-0000000000-111111111110000222222222222222633333333333333333344401655
-444444444445555555555556666666666666666663456-77777777777888888888888-99944-99999-99999-00000000000-111111111112333331112222-33333333555544444444455555555577777788888886666-6777777771288888-89999999990000000000111111111222-22222222233333333-444--655

-------------------------------------------------
108 zones of desert, nearly 1296 cells not cut