1111111111112222222222223333333333334444444444445555555555556666666666667777777777778888888888889999999999990000000000001111111111112222222222223333333333334444444444445555555555556666666666667777777777778888888888889999990000000000001111111111112223
4444444444445555555555556666666666667777777777778888888888889999999999990000000000001111111111112222222222223333333333334444444444445555555555556666666666667777777777778888888888889999999999990001122333333333333444449999995555555555556666666666662223
7777778889999999999990000000000001111111111112222222222223333333333334444444444445555555555556666666666667777777777778888889999999999990000000000001111111111112222222222223333333333334444445550001122666666666666444447777777777778888888888889999992223
7777778880000000000001111111111112222222222223333333333334444444444445666666666666777777777777888888888888999999999998888880000000000001111111111112222222222223333334444445555555555554444445550001122666666777777777777888888888888999999999999999992223
0000008881111111111112222222222223333333333334444444444445555555555555666666666666777888888888888999999000000000000111111222222222222333333333333444444444444553333334444446666666666667777775550001122666666888888888888999999999999000000000000111111113
0000008882222223333334444444444445555555555556666777777777777888888995000000000000777111111111111999999222222222222111111333333333333444444444444555555555555556666666666667777777777777777775558881122999999999999000000000000111111111111222222222222343
5555555552222223333336666666666667777777777776666888888888888888888995999999999999777000000000000111111223333333333334444444444445555555555556666666666667788559999999999990000000000001111112228881122333333333333444444444444555566666666666677777788343
9999999999990000000000001111111111112222222226666333333333333444444995555555555555777666666666666111111227777777777778888888888889999999999990000000000007788551111111111112222222222221111112228883333333333334444444444445555555566666666666677777788343
7777777777778888888888889999999999990000000000001111111111112444444995333333333333444444444444555555555226666666666667777777777778888888888889999999999997788550000000000001111111111112222222228883333333333334444444444445555555555566666666666677788343
8888889999999999990000000000001111111111112222222222223333332444444995555555555555666666666666777777888229999999999990000000000001111111111112223334444447788555555555555556666666666662222222227777777777778888888888889995555000055511111111111177788343
8888882222222222223333333333334444444444445555555555553333332444444995666666666666777777777777777777888228888889999999999990000111111111111232223334444447788444444444444555555666666666666777777777777888888888888999909991111000055522222222222277788343
3333333333334444444444445555555555556666666666667777777777772888888995000000000000111111111111222222888228888883333333333330000444444444444232223335555557788666666666666555555777777777777888888888888999999999999999909991111000055500000011111177788343
2222222222223333333333334444444444445555556666667777778888882888888995999999999999000000111111222222888222222222222333333440000555555555555232223335555556666666666667777777777778888888888889999999999990000000000999909991111111122200000011111133334345
6666666666667777777777778888888888885555556666667777778888882999999995000000000000000000111111111111111111222222222333333443333333333334444235555556666666666667777777777778888888888889999999999990000000000001111111102222223111122244444444444433334345
5555555555556666666666667777777777778888888888889999999999992999999995000000000000111111111111222222222222333333333334444445555555555554444235555556666666666667777778888888888889999999999990000000000001111111111112302222223111122244444444444433334345
5555555555556666666666667777777777778888888888889999999999992000000991111111111112222222222223333333333334444444444444444445555555555554444236666666666667777777777778899999999999900000000000011111111111122222233332304444443555522266666666666677784345
9999999999990000000000001111111111112222222222223333333333332000000994444445555555555556666666666667777777777778888884444449999999999990011232222222222227777773333338844444444444455555555555566666666666622222233332304444443555577778888888888877784345
9999999999990000000000001111111111112222222222223333333333332444444554444446666666666667777777777778888888888888888889999440000000000000011231111222222222222333333338844444444444455555555555566666666666677777733332308888883555577779999999999977784005
1111111111112222222222223333333333334444444444445555555555552444444556666667777777777778888888888889999999999990000009999111111111111220011231111333333333333334444448855555555555566666666666677777777777777777788882308888883999977770000000000077784005
1111111111112222222222223333333333334444444444445555555555552666777556666668888888888889999999999990000000000000000009999111111111111220011231111222222222222334444448833333333333344444444444455555555555566666688882307777773999988888888888899999984005
0000000000001111111111112222222222223333334444444444445555556666777557777778888888888889999990000001111111111112222223455555566666677220011238888888888889999330000008811111111111122222222222233333333333366666688882307777773999944444444444499999984005
5555555555556666666666667777777777773333338888888888885555556666777557777779999999999999999990000000000000000002222223455555566666677220011231111111111119999330000002222222222223333333333334444444444445555555555552306666663777777777777888888999984005
00000000000011111111111122222222222233333333333344444444444466667775555555555555566666666666677777777777788888899999934000000000000772211111111111122222299993333333333333344444444444455555555555566666666666677777723-8888888888899999999888888999984005
0000000000001111111111112222222222223333333333334444444444446555555555555666666666666777777777777888888998888889999993400000011111177222222222222222222223333333333334444444444445555555555556666666666667777777777772388888893000000000000111122999984335
4444444444445555555555556666666666667777777777778888888888886999999999999000000000000111111111111888888992222223333333400000011111177444444444444555555555555666666666666777777888888888888999999999999007777771111112388888893222222222222111122333384335
6666666666667777777777778888888888889999999999990000000000006111111111111222222222222333444444444444555992222223333333466666666666677777777888888888888999999000000000000777777111111111111222222333333004567771111112388888899999999999990111122333384335
1111111111112222222222223333333333334444444444445555555555556666666666666777777777777333888888888888555999999999999993400000000000011777777222222222222999999333333333333444444444444555555222222333333004567776666666688888897777777777770888822333384335
9999999999990000000000001111112222333333333333444444444444556666666666666777788888899333000000111111555992222222222223433333333333311444444444444555555555555666666666666777777888888555555999999999999004567770000000000001192222222222220888822333334335
4444444444445555555555551111112222666666666666777777777777556888888888888777788888899333000000111111555999999999999993400001223344411555566666666666677777777777788888899777777888888000000000000111111004567772222222222221193333334444550888822333334335
66666666666677777777777788888822229999999999990000000000005561111111111117777222334995555555555556666666666667777778834000012233444115555999999999999000000000000888888991111111111112222223333331111110045644444444444455511933333344445506666666666647-8
9999999999990000000000008888881111111111112222222222233334556555555555556677722233499888888888888999999999999777777883400001223344411555500000000000011111111111122222299333333333333222222333333444444444565555555555555551196666664444550777777777774788
8888888888889999999999990000001111111111112222333344433334556555555555556677722233499666666666666777777777777888888883499991223344411000000000000111111111111222222222299333333333333444444555555555556674568888888888885551196666669999550000000000004788
1111111111112222222222220000003333333333332222333344433334554444444444446677722233499555555555555666666666666888888887899991223399999999999900000000000011111222222222299333333333333444444444455556666674567777777777775551198888889999550999999999994788
0000000000001111111111112222223333334444552222333344466664777777888890016677722233433333333333344444455555555555666887899991223377777777777788888888888811111222222222299999999999999000000444455556666674561111222222222222398888889999550444444444444788
5555666677777788888899002222223333334444551111112244466664777777888890016633322233444444444444444444455667777778666887899991000000000000111111111111222222222222333333333333444444555000000444455556666674561111666666666666397777778888880999999999994788
5555666677777788888899000000000000004444551111112211166664222222888890016633322233444444444444455555555667777778666667899991777777777777888888888888999999999999000000000000444444555111122223333336666674561111444444444444357777778888880666666666664775
5555666688899990112299003333333333334444555555662211177774222222888890019933322233400000000000055555555661111118666667899991222222222222333333333333444444444444555555555555666666555111122223333337776674568888888888889999350012233333340555555555555776
7777778888899990112299009999999999994444555555662211177774000000888890019933311133422222222222233333355661111118444667855551666666777777777777888888888888999999999999000000666666555111122221111117772273333333333344449999350012233333345555555555556776
7777778888899990112299007777777777774444555555662211177774000000888890019988911133400000000000033333355661111118444667855551666666222222222222333333333333444444444444000000555555555555666661111117772277777778899044449999350012211111142222222222226776
3333338888844440112299005555555555556667777778662299999004111122223394419988911133455555555555566666655661111118444667855551777777777777888888888888999999999999000000000000111111111111666662222227772277777778899044443333350012211111144444444444446776
3333338855544440112266666677777777776667777778668999999004111122223394419988911133400000000000066666611111122228444667833333333333344444444444455555555555566666666666677777788888888888899992222220002271111118899022223333350012233333344444444444446776
5555558855544440112266666666666677776668899998668900001004111122223394419988922222222222233333333333311111122228444447855555555555566666666666677777777777788888888888877777799999999999999990000000002271111118899022223333350012233333341111111111116276
5555558855533330444444444466666677776668899998558900001006666666663394417788988888888888899999999999900000022228444447811111122222222222233333333333344444444444455555555555566667777890099990000000002271111118899022222333354415555555546666666666666276
7777778855533330999999999999000077771118899998558900001002222222223394417788933333333333344444444444400000055558666667811111177777777777788888888888899999900000000000011111166667777890022222233330004441111118899055552333354416666667748888888888886276
7777778899933330000000000000000011111118822228558933331004444444443394417755966666666666677777777777788888855558666669999999999990000000000001111112299999933333333333311111166667777890022222233334444445555555555055552333354416666667746777888899006276
1111118899922220333333333333000011111118822228558933331444444444444555557755966666666666677777788888888888855558999999999999000000000000111121111112233333333333344444444444455555566890077777733334444448888889900055552333154412222227746777888899006276
1111118899922220333333333333444411111118822228558933331566777888888555557755999999900000077777788888811112222333333333333444444444444555111126677772288888888888899999900000055555566890077777711114444448888889900022222333154412222227746777888899006276
4444448899922220555555555555444466666677777788558999991566777888888000117755999999900000022222222222211112222333333333333444444444444555111126677772255555555555599999900000066666666890077777711114448888889999900022222333104411111117746777222299006236
4444448844444455555555555566444466666677777788778999991566777888999000110055911111111111122222222222211112222333333444444444444555555555666626677772277777777777788888888888866666666899977777711110008888889999900022222333101111111117726333222299006234
5555555544444466666666666666777777777777888888778999991566777888999000110055999999999999900000000000011111122333333333333333333555555555666626644442255555555555566666666666677777766899988899999900001111119999900022222333101113333334426333222299005234
66666666666677777777777788669999999999998888887789000015661118889990001100222222222222333333333333444111111225555555555556666666666667776666266444488888888888899999999999900777777668999888999999000011111199999001222222221011133333344263333333334-6634
7777777777778888888888888866999999999999888880778900001566111888999112110033333333333344444444444444455555522666666666666777777777777777889926644440000000000001111111111110022222233899988844444400005555555555556122222222101117777774426333333333456634
8888888888889999999999998866000000000000111180772-22222222221333333112110044444444444455555555555544455555522667777777777778888889999777889920000000000001111111111112222220022222233899988844444403333333333334446155552222106667777774426778890000456634
1111111111112222222222228866333333333333111180774444445566111333333112780099999999999900000000000044411111122662222222222228888889999777889923333333333334444445555552222220066666633899977777788809999999999994446155552222106660000124426778890000456634
3333333333334444444444448855555555555567111180884444445566999001111112782222222222223333333333334444411111122665555555555556666669999777889928888888888884444445555559999990066666633000077777788801111112222224446155553333106660000124426778890000456634
4444444444445555555555558866666666666667777780888888885566999001111112789900000011111122222222224444433333333664444445555556666666666777889927777777777778888888888889999990099990033000011111188801111112222224446122333333106660000124426778895555456634
6666666666667777777777778888999999000067777780888888885566999001111112789900000011111111111111111122222222222664444445555553333446666777889925555555555556666666666667777888899990033000011111188809999990000001116122333333102222233124424778895555455534
6666666666667777778890008888999999000067777780881111115566999002222222789933333333333344444444444455555566666667777777777773333446666777888888999999000000000000111127777888899990033333333333344409999990000001116122335566702222233124424778895555455534
8888888888887777778890008888999999000067000080881111115166222002222222789933333333333344444444444455555566666555555555555663333447777778888888999999999999999999111127777888800010022222222222244403333333333331116122335566704445533124424677899999455534
0000000000001111118890002222999999333367000040885555555167222008888882789999999999999900000000000011111111111122222222222663333447777778444444444444555555555555111126666667800010099999999999944400000001122221116122335566734445533124424677899999455544
5555556666661111118890002222777788333367000040995555555167222008888882789911111111111122222222222233334444444444445566778663333449999998000000000000111111111111222326666667800010044444455555544400000001122226666122335566734445533124474677899999455548
5555556666669999998890012222777788333367222240993333335167222004444442785555555555556666666666667733338888888888885566778663333449999998999999999999000000000000222321111117800012244444455555533333333331122226666144455566734445533126674677897777458548
9999999999999999998890010122777788333367222240993333335167444004444442785555556666666666667777777733338888888888885566778669999990001118222222222222333333333333222321111117844412255555555555566666677771188886666944455566730005512126674677897777348548
5555556666666666667790010122888888333367222249990000005167444001111222785555553333334444447777777755555555555566665566778669999990001118777777888888888888990001222322222227844412233344444455566666677771188886666944457777730005512126674677897777348548
55555588888899900177900101228888883333672344499900000051674440011112227855555533333344444466666677777777777777666655667788888889900011187777770000000000009900011123222222278444122333444444555333333777711888844469444577777300055121266746-6666666666648
77777788888899900177900101228888888888672344499999999901674440011112221155555522222222222266666677333333333333666655667788888889900011184444444444445555559900011123266666678444122333777777555333333888888888844469999577777300055120066746-1111111111148
7777772222229990017790010122333333888845234449669999990167777777777222118888888888889999990000007711111111111122222222228333333994444448555555555555555555990001112326666667866612233377777755577777788999999014446999952222733445512006674655866677348548
8888882222229990017799-99999999990888845234449661111220167333333333333114444444444449999990000005555555555556666666666668333333994444448777777777777888888999991112320000007866611111112222223377777788999999014446999952222733445512004574655866677348548
8888886666667770017798888888888880999945234449661111220167000000000000111111111111112222222222223333333333334444444444448555555996666668777777777777888888999991112320000007866611111112222223388888888999999010006999952222733445512004571655866677348248
33333366666677700144444444444455509999452344496611112201676666666666661177777777777788888888888899999900000000000011111185555559966666682222222222223333333399911123-4444444444415555555555553388888888999999010006966657777833445512004571655866677348248
3333339999997770011111210133335550999945234449665555220667777777777777118888888888889999999999999999990000000000001111118111111111111222222222222333333333339991442355555567877777777777788883399999988000000010006966657777833441212004571355444477348248
55566699999977700111112101333355507777452344896655552206999999999999000000000000111111111111222222222222333333333333444485555555555556666666666667777777777778914423555555600000000000011888833999999880000000100069666577778-22222222222713554444773482-3
55566644444444400111112101333355507777452344895555552206666666666666777777777777888888888888999999999999000000000000444411111111111122222222222233333333333-4891442555566768888888888881188883399999999999900011116966652222833341212564571388444499348233
5556660000000000011111220133333340777745234489555555550666666666666677777777777788888888888899900111111111111222222344444444444444445555555555556666666666664891442555566767777777777771188888888888899999900011116900002222833341212564571388122-33333233
5556664444445550011111226633333340777745234489555555550688888899999999999900000000000011111199900222222222222222222333333333333344444444444455555555555566664891442555566767777777777771188888888888899999900011116900002222833341200564571388122233333233
111111444444555001111122662222224077774523448-3334444406888888555555666666666666777777111111999008888888888889990003111111111111222222222222333333333333666648944425555667666666666666611777777777777888888000111199000000008-3341200564571388122299111233
1111112222225553333334226622222240777745555583333444440666666655555577777777777777777788888899900999999999999999000300000000000011111111111122222222222266664894333555566764444444444441155555555555588888800016669977780000893041200564571388122299111233
111111222222555333333422662222224033334555558333344444466666665555555555556666666666668888887770088888899999999900030000111111111111222222222222333344556666489433355556676777777777777888888888888999999000001666997778000089304120056457138811-222222222
1111113333444444444444226622222240333355555586666444444677777777777788888888888899999999999977700888888999999999000300000000000000001111111111113333445566664894333222222763333333333334444444444449999990055556669977786666897041200564571388119999111200
1111113333222222222224226633333344333355555586666666666677777777777788899999900000011111122277733333333333344444455300006666666666667777777777773333445566664894333222222768888889999999999990000000000000055556669977786666897041200561171388119999222200
1111113333333333444444225533333344666655555586666666666677777777777788899999900000011111122277788888888888844444455399999999999900000000000011111111445522224894333344455768888886666777777777777888899990055550009911186666897041222561173388119999222400
5555555555333333444444225566666644666655555587777777777688888888888888899999999999900000022211111111111122223333355344444444444455555555555566666677445522224894333344455768888886666999999999999888899990000000009911181111197041222561173388112222222400
3333333333334444444444525566666644666655666687777777777778888888888888899999999999900000022200000000000022223333355311111111111122222222222266666677445522224894333344455738888886666444444444444888899990000000009911181111197045522561173688112222222400
7777777777778888888884525599999944000055666611111111111122222222222233333333333344444444444455555555555522226666755388888888888899999999999900000077112222224334444544455736666666666667777777777778888888800000009911189999097045522561173688112222122400
3333333333334444444444525599999944000056666677777777777788888899999900000000000012222223333333333334444444446666755355666666666666777777777700000077112222228334444599955031111111111112222222222223333444555555669977789999097085522991103611112222122433
4444445555556666667884595500011114000056222222222222333388888899999944444444444412222225555555555556666667776666788855999999000000000000111111111177112222228334444599955033333333333334444444444443333444555555669977789999097085522995503611612222122433
4444445555556666667884597800011114999956000000000000333311111111111122222233334415555555555556666666666667777888788855999999999999999999000000000077112222228334444599911032222222222223333333333333333444444444669577786666097085577995503611612222122433
8888888888889999997884597800011114999956000000000000333311111111111122222233334412222222222226666663333337777888788855444444555555555555666666777777118888888339-99990000000000001111111111112222223333444444444664577786666097085577995503611615555122433
6666666666669999997887597800088884999956999999999999000000000000111111111133334412222222222223333333333337777888788855444444444444444444666666777777118888888339999995511036666666666667777772222223333888888888664599996666007182277995503611615555122433
3333333333334567777887597888888884999956000000000000111111222222222222333333444415555555555553333336666667777888788855999999999999000000111111111111222222338444444555511036666667777777777778888883333999999000664599991111007182277995503611625555134433
5555555555554567777887597888888884999956666666666666111111777777777777333333444418888888888889999996666667777001788822222222222233000000444444444444222222338444444555511036666667777775555558888886666999999000784599991111009182277005503611622222134433
4444444444444567777557597888866666999956777777777777888888888888999999999999444410000001111119999992222227777001788833333333333333444444444444555555555555338666666555511037777777777775555558888886666999999000784500001111009182277001103611622222134433
2222222222224567777557597888866666333356444444444444555555555555666666666666447710000001111118888882222227777001788899990000001133222222222222333333333333338666666555544035555555555556666668888886666999999000784500007788009182299001100611622222134133
2222222222224563347557597855555566333356777777777777888888888888999999999999447710000000000008888881111111117001722299990000001133333333333333444444444444338555555555544036666666666666666667777777777778888889784500007788009182299001100611620000134133
1111111111114563347557297855555566333356333333333333444444444444555555555555447716666666666667778888888888887001722299999999991133000000000000111111111111338555555552344044444444444455555555555566666678888889784588887788009189999001100011620000134133
1111111111114563347557297822222266333356444444444444555555555555666666666666777718888888888887779999000000117001222233339999991133444444444444555555666666668777778852344099999999999900001111222266666673333339784588887788409189999001100011620000534133
6666666666664563347557297822222266333377777777777788888888888899999900111122777733333333333347779999000000117561222233337777771188888888888899555555000000000777778852344111111111111200001111222233334473333339784588887788409159999661170088629999534100
1122233334444563345567277888888866333399999999999900000000000099999900111122777711111111111147779999222222117561233433337777771155555555555599666666666666777777888852344999999999999200001111222233334470000009784511117788409159999662270088329999534100
1122233334444563345567274588888866666666666666777777777777888888888800111122779999999999990041111122222222113561233444444444444455555555555599666666666666777777888852377777777777788299999999999933334470000009784011111123409159944662270088329999534100
112223333444456554556727456666666666667777777777778888888888889999990001232277444444444444004111112255555511356123346666666666667777778888889999999999999900000088885231111111111118822222223333334444447555555978-666666666679159944662270088328888534100
112229999444456554556-000000000001111112222333333333333444445599999900012322776666666666660047777722555555113561233488888888888877777788888899999999999999000000888852300000000000088222222233333344444475555559781111111123479253344662270088328888534100
1144499995555555545566274577777781111112222999999000000444445511111100012322222222222222330047777722444555563561233477777777777788888888888899999999999999000000881122333333333333388244445555556644444477777779781111111123479253344662270088388888599100
1144499995555555545566274577777780000002222999999000000111115511111122012333333333333344330045555622444555563567233488888888888899999999999900000000000012000000881122333333333333388244445555556644444477777779555066661123477253344882270099380000599111
2344444444444445545566274566666680000007777777777778888111115599999922012300000000000044330045555622444555563567211422222233333333333344444444444455555512666666771122388888888888888244449999996644444470000009555066661123477253344881170099380000599111
23444222222333355455662745666666844444444444455555588886666655999999220123777777777777443388455556-9999999999967211422222200000000000011111111111155555512666666771122323345555556666277779999996688888870000009555066669923477253300881171099380000599211
2333322222233334445566274555555586666666666665555558888666665577777722012388888888888844338849999600000000063567211411111111111122222222222233333333333312444444771122323345555556666277775555556688888876666667555088889923477253300881171099389999599211
2333300001133334445566274555555583333333333334444444444445556677777722012377777777777744338849999688888899963567211400000000000011111122222222222233345512444444771126623347778886666277775555556699999906666667111088889923477252200881171399389999599211
2333300001144444445566274555556788888888888889999999999995556600000022012311111111111144228849999688888899963567311444444444444411111155555555555533345512666666777826623347778889999200000000000099999901111117111088889923277252200881171399389999333211
2333300001144444445566274555556784444555555555555666666775556600000088012399999999999900228811111622222299963337311444444444444455555566666666666633345512666666777826623347778889999777777777777888888901111117111000019923277222200331141355386666333277
2388888891144440000006214555556784444222222222222666666775556633344488012355556666667700228811111622222299963337388888899999999955555500000000000033345512111111117826623347778889999222222222222888888903333337111000019923277222200334-44444444446333277
2388888891155550000006216666666784444777777777777888888779996633344488012355556666667700220000111622222222263337388888844444455555555555566666666666645512777777887826629940000000000001111111111112222903333337333300014444277222255336741355886666333277
2399999991155550000006216666666781111111111112222888888779996633344488333355554444447700220000111655555555563337366666644444477777777777788888888888845512777777887826629949999999999990000000000002222901111117333300014444227222255336741355883333334277
2399999995555550000006216666666787777777777772222899990779991133344488333322224444447700220000111633333333363337366666644444444444455555555555566666647712888888887829929940000000000001111111111112222901111117333322214444227324455336741355883333334277
2355555595566666677777216666666788888899999902222899990779991111111188333322222222227700333333111644444444443337355555555555566666666666677777766666647712888888887889929949999999999990000000000001111902222227333322214444227324455336741355855555564277
2355555595566666677777217777776788888899999908888899990999991111111100000022222222227711333333222222222222333455366666666666677777777777777777788888847799990011887889929942222222222223333334444561111902222227333322214444227324455886741390855555564211
2222222295533333333333217777776744444444444408888855550999991166666600000077778888889911000000000000111111333455322222222222233333333333344444488888847799990011887889929945555555555553333334444561111906666667333322214444227324455886741390877888864211
9999990095511111111111212222226733333333333308888855550444441166666655555577778888889911666666666666111111333455377777777777788888888888844444499999947799990011007889911111111111122222222224444563333906666667444444516666227324477886748390877888864911
9999990095500000000000212222226711111111111102222855550444441133333355555577774444449911555555666666666666333455377777777777788888899999999999999999947700000011007889911111111111122222222222234563333905555556444444516666227324477886748390877888864911
7777770098888888888899910000006711111111111102222822220333344433333355555566664444449911555555777777777777333455388888888888888888899999999999900000000000000011007881111111111112222222222223334563333945555556555555516666227326677886748790877888864911
7777770099999999999999910000000000001111222202222822220333344433334455555566665555559911666666666666777777333455888900000000000011111122222222222233334500000011006687778889999990000000000003334561111942222226555555513333427326677886748790877888864911
5555550096666666666699917777880000001111222209999822220333344433334400000066665555559911111111111122777777333445888966666666666611111177777777777733334588888899006687778889999990000000000003334561111142222226222222533333427346677566778790877888864988
55555500999999999999999-0000000000011111222209999822220333344433334400000044444455555555555566666622777777333445888988888888888899990000000000001133334588888899006687778882222222222223333333334561111144444446222222533333427346677566778790855555564988
6667778888888888889999997777880000011111223309999822220333344444454466666644444477777777777766666622777777338445888999999999999999990000000000001111114522223499566687778887777777777773333333334568899144444446000000531111427346622563478790555555564988
6667776666666666669999997899880000011111223300000822220333344444454466666611111122222233333333333322444444338445555966666677777799998888888888881111114522223499566689999999999990000000000003334568899141111116000000531111427346622563478790533333364988
6667775555556666667777897899880000011111223300000111111111111222254433345511111122222266666666666622444444338445555966666677777777777777777788881111114522223499566689999999999990000000000011134568899141111116222222531111427344422563478790533333364988
6667775555556666667777897899880000015555223360000777777888888222259933345500000000000011111122222222333333338445555944444444444455555555555588881166664577773499568888888888889999990000001111134568899142222226222222533333427344422563478790544444454988
666666777777777777777789789988899991555522336000077777788888822225993334551111111111111111112222222233333333844555595555556666667777777777778888116666457777348856999999999999999999000000111113400889914222222611111153333342-222222222228733544444454944
666666555555555555666689789988899991555522336000077777777777788885993334559999999999990000111111222233333333844544495555556666665555555555556666666666457777348856777777777777888888888888111113400889914999999611111153333342-000000000008733511111154944
2222222222223333336666897899888999914444444460000555555555555888859966645577777777777700001111112222333333338445444988888888888899999999999966666600014522223488563333333333334444444444441155534006666149999996777777839999420-00000000001733511111154244
333333444444333333666689785588866661777777886999999999999000088885996664551122234444440000555555222266666633844544497777777777778888889999990000000001452222348856111111111111222222222222115553300666614444444577777783999942-666666666661733577777754244
3333334444448889999012897855333666617777778864444444444440000555559966646611222344444477775555552222666666338445444988888888888888888899999900000000014522223488569999999999990000001111111155533006666124444445333333839999424345555563471633577777754244
7777777777778889999012897855333666618888888869999999999990000555550166646611222322222277773333332222444444338445555555555555666677888888888888999000011111113488562222222222220000001111113355533004444125555555333333836666624345555563471633577777754244
8888888888888889999012897855333999918888888860000000000001111555550122246611222322222277773333332233444444448455555555555566666677777777777777999088811111113499560000001111222222222222343355533-666666666665557777778866666243955550034-1111111112354244
5555556666668887777012897855333999988888898860000000000001111111150122246611222334444445555555555533666666448477777777777766666677888888888888999088819900123499560000001111333333333333343355533444444526677785777777889999924390000003411111111112354244
555555666666222777701289785533399998888889886444444555555111111116012224661122233444444777777777773366666644849999999999996600007711111122222299908881990012-333333333331111444444444444343355533445555526677785666666889999924390000007771688888892354244
0000000000002227777012891111333222222333495564444445555556666111160122246678222339999999999990011133222222448433333333333366000077111111222222444088819900125555555555556666666666667777343355588445555526677785666666889999994390000007771688888892350244
11111111111122222220123-3333333333222333495564444555555676666888860199999978222330000000000000011133222222448411111111111166000077222222222222444033319900124444444444445555555555557777343366688445555526677785777777889999994-88888888888699999992350244
00000000000022222220121211113333344453334955-6666666666676666888860199999978-7777777777788888001113399999944840000001222236644444444444455555544403331990012-6666666666677777777777777773488666884499995266011857777778822222243944450077716999999923-6667
8888888888889992222012120000001334445333495524444333333674444888860155555578666666666666888880011177999999888900000012222300000000000011555555444033319900122222222222223333333333334444348866688449999526601185555555882222224394445666661678999992366667
0000000000009991111012120000001334445222495523333333333674444444460155555578-55555555555677770088877999900888911111112222322222222222211333333444033315555126666666666667777777777774444348866688899999520001185555555881111114394445666661678999992366667
2222222222229991111012123333331334445222495523333444555674444444460166666678777338888990677770088877999900888911111111111322222222222211333333444033335555124444444444445555555555554444348866688897777520001185888888981111114394445000000678999992310227
333333333333999111101212333333133444522249552333344455567666644446016666667877773888899067777888887799990088899999991111130000000000001111111144403333555512222222222222333333333333444434886665589777752000118-666777777777774398885000000678999992310227
0000000000001111111111122222221334445222495523333444555676666444460155555578777738888990666668888877777800888999999911111399999999999911111111444033330000121111111111112222222222224444348866655897777530001186666445986666667398885888888978999992310227
0000000000001111111111122222221224445333495523333444555676666444464455555578777735555990666668866677777800888977788819990311111111111111222222222222330000124444444444445555555555554444346666655897778530009986666445986666667398885888888978999992310227
000000000000111111222212333333122444533349552333344445567666644446447777777888873555599066666886669977780000897778881999031112222222222223333333333333000012444444444444556666667777777777668885589777853000998900044591111222733888544444497855559-777887
9999999999991111112222123333331220005333415522222444455676666333364477777778888745555990655568866699777877008977788819990311188888888888899999999999330000001112222223335566666644445555556688855897778-66666666666445911112227337775444444978555596777887
8888888888889999992222120000001220005333415522222444455676666333314422222278888743333330655568866699444877005977788819990311166666666666677777777777330000001112222223335588888844445555556688855897778999909909000445911112227337775111111978555526777887
3333333333339999994444120000001220005555617722222888855679901333314422222222888743333330655563333499444877005955555516670311188888888888899999900000331111111112222223335588888844443333336688844895558999909909000445966662227337775111111978777726777887
88888888888899999944441200000012200055556177211118888552-2222333314444445522666747777770655563333499444877005955555516670388888888888899999999900000331111111112222223335500000000003333336611144895558999909909222225966663447337775555555978777726-66666
7777777777779999994444880000001999999555617721111888855222222333314444445522666747777770600063333499444877005911222226670333333333333499955555555555566666666666677777785599990000001111112211144895558334444409222225966663447-66666666666978777726666666
7777778888888888889990881111112999999555617731111444444449901333315555555522666746666660600067777488888877995011222226670111111111111499922222222222233333333333377777784499990000001111112211144895558334444409555555966663447577777777777988888826910001
7777772222222222229990881111112333333444617735555555555559901666615555555522666746666660700067777488888889995011000006670111111111111499922222222222233333333333344444484499995555666777772211144888898330001209555555966663447533333333333988888826910001
44444444444455555599908866667723333334446177388888899999999016666100000055221127433333347000677774555568899950110000066707777777777774888888888888999999999999000444444844111155556667777722222448888983300012093333354666634475555566667779888899269-0000
1111111111115555559990886666772222222444613338888889999994401666610000005555112643333334777768888455556889995011999999070111111111111422222222222233333333333300044444484411115555666555552222266888898330001209333335477773447555556666777988889926900000
8888888888889999990000886666772222222444613331111111111114401222213333334555112646666664777768888455556789995011999999070888888888888499999999999900000000000000044444484411111111666555552222266222298330001209444444477773555555556666777688889926977771
888888999999999999000000000077211111111161333222222222222440122221333333455511264666666477776888843333678999504444445607777777777777849999999999990000000000000001111118442222111133333333332226622229-444444444444444477773555535555556777678999926977771
8888889999990000000000000000772111122222613333333333333334401222214444444555112645555554777766666433336789785044444456079999999999998400000000000011111111111222211111183322221111444444444444566222296677771208888889400113555525555556345678999926977771
7777777777770000000000888888772111122222693330000001111114401223314444444555112645555554755676666433336789785088888856079999990000118422222222222233333333333222244444483322225555555555556666566777796677771208888889400113555528888886345678999926999991
0000000000001111111110888888222111133333693330000001111114401223344444454555662647777774755676666488886789789088888856079999990000118400000000000011111111111222244444483322222222222233346666566777796677771255555669400113777528888886345678998886999991
999000000000000111122033333322244443333359-666666666667777778223344444454599662647777774755670000088886789789011111156022222230000118444444444444455556666666666667777783388888888888833346666599777796630001255555669400113777521111116345678998886999991
9992222222222221111220333333222444433333594444445566667777778223377777754599662648888884755670000088886789789011111156022222239999118400000000000055551111111111117777783322222222222233343444599555596630001266666669400117777521111116345678998886988881
9999999999999991111220000011222444433333594444445566662222228223377777754599662648888884755673333333336789789044444456055555539999118666666666666755558888888888889999013322222222222233343444599555596630001266666669400117777324444446345678558886988881
9996666666666667777228000011229999999999590111125566662222228223333333354599662644444444755675555555556789789644444456055555539999118777777777777788888888888899999999010011111111111122243444599555593330001244444669455557666324444446345678557776888889
0000000000001117777228000011222222222222590111125533333344448555533333354599662644444444666677777777776788789699999956000000031111118222222222222733333333333399999999010044444444444422243444599555553336666644444669455557666327777776345678557776888889
9999990001111117777228222211333333333334590111125533333344448555555555554599666647777778666679999999999788789699999956000000031111118000000000000711111111111199992223010044444444444422243555599555553336666666666779855557666327777776345678557776888889
9999990001111119999998222211000000111124590333325544444444448555555555554555666647777778666677777778888788789699999956000011132222228333333333333744444444444455552223010066666666666622243555577777783339999066666779811117666322222226345678557776888889
3333330001111119999998222211000000111124590333324544444466668777788888859955666640000008666677777778888188789699999956000011132222228222222222222733333333333355552223010044444444444455543555577777783369999077778779811117999322222226345078551116823349
3333330001115555555558666666666666111124590333324577778866668777788888859955666640000008999670000008888188789611112222000011133333333333334444445766666666666655552223010077777777777755543555588888883369999077778779811117999329999990345011111116823349
2222222222223333333338444444555555555524590666624577778866668777777777759955888649999008999670000001111188229611112222333311134444444444444444445755555555555566666673018888888888889055543111188888882263333077778774855557999369999990777011111118823349
9999999999990011122228444444333333444424550666624577778866668777777777759955888689999008999999999001111112229611112222333333334444444444445566665777777777777766666673018888888888889055543111199999982263333000008774855557999361223330777011111118823349
4444444444440011122228555555333333444424550666624566668866668777777777789955888689999008999999999001111112229600000012333333333333333333335566665744444444444455566673017777777777779088893111199999982263333000008014855557222361223330777033333348823349
5555555555550011122228555555666666444424750888824566668866669777777777789900888681111008222222222003333112229600000012444433355555555555565566665777777777777755566673018888888888889088893999999999982260011000008014822227222361223330777033333348823349
3333333333330011144448555555666666666624750888824566668877779888888888889900000681111008111111222003333112229633334412444433355555555555565566665777777777777755566673018888889999999088890000000000082260011011118014822222222361223330333044567748828949
0000000000000011144448555555222222666624750888824533333377779445555556689900000681111008111111222003333112229633334412444477777777777788865566665999999999999055566673118888889999999088892222223344482260011011118014822222222561226660333044567748828949
7777777777770011144448888889222222666624750000004533333377779445555556689900000681111118222233222004444112569-77777777777888888888889988865566665000000000000011111173112222222222229033392222223344484460011011118014855552666561226660333044567748-77777
8888888888889911100008888889111111111124750000004522222222229443333336689900000681111118222233222444444112569555564412777777777777899988860000005111111111111011111173112222222222229033393333333344484460011044458014855552666561666660333044567748777777
777777777777991110000888888999999999992075111111452222222222944333333668990033368444444-444443555444444112569555564412666666666666899988860000005777777777777088888879110000000000009033393333333344484460011044458014155552666561666660222044567748-33344
5555555555559966600008888889777777777770751111114588888888889449999996689900333182222222222233555443333112569555564412444444444444899955566666775888888888888088888879119999999999999033390000113322224463333344458014144452666561666660222044567748333344
7777777777779966688888899999000000000000751111111111112222229449999996683300333184444444444433555443333512569678960012111111111111899955566666775222222222222033334479115555555555559066690000113322224473333344458014144452999561666660222000561148333344
2222222222229966688888899999333333333330754444444444442222229555555555583300333186666666666633555443333512569678960012777777777777899955566666778888888888889033334479000000000000119066690000112222224473344445558014144452999561666666222000561148778944
888888888888996669999999999900000000000075111111111111222233944444444448330055518666666666666788844999951256967896001200000000000089-111111111112222222222229033334439444444555555116666697777112288999973344445558010144452999511666666222000561143778944
444444444444555559999996667988888888888079900122233444222233955555566668330055517777777777778788899999950156967896001222222222222289333336444477555555555555906666443944444455555511666669777711228899997334444555801017775299951-888888888880561143778944
9999999999995555500000066679111111222330799001222334442222339555555666643300555155555555555587888999999501566678960077777777777789893333364444770000001111119066664439222222333333116644447777112288999973355555558670177752888519999996222000561113778922
3333333333334444400000066679111111222330599001222334446666337888888666643390555111111122222287888993333501566678960044444444444489895555554444660000001111119066664439222222333333116644447777772288888873355555558670177752888519999996222000561113778922
9999990011114444422222266679333333222330599001222334446666337888888444445590666111111122222287777993333501566678968888888888889089895555551111662222223333339044444439555555555555116644447777772288888873355555558670177756888517777776888000999913770022
99999900111111112222222334793333332223305990015553366666663377777774444455906661888888999999877779933335015666789600000000000090898911111111116622222233333392444444393333333333334466555555555555888888766666677586701888568889177777768880009999130-0000
1111110011111111222222233473333333333330599001555336664445557777777444445590666188888899999987777996666501776678968888888888889089891111111111669999999999999200000039111111111111442222222222223333333376666667758670188856444915555556888666999913000000
1111110077771111222222233478888888888330599991555006664445557111111222245590666133333333333387777446666501776678955555555555569089777777777777668888888888899200000039000000000000441111112222223333334475555557768670188856444915555556888666777713890022
0000000077771112233333333474444444444555599991555006664445557111111222245590666177777777777787889446666501776678900000000000069089111111222222663333333333399244444435555555555556441111112222223333334475555557768670788856444918888886900666777713890011
0000000077771112233333333472222222222555599991333004444445557555555222245590666666666666666787889448888501776678999999999999969089111111222222000000000000199244444432222222222226443333333333334444444475555557768670766666444918888886900666777713890011
7777777777771112288888833479999990000555511111333004442222227555555333344490666555555666666787889448888-777777777778888888888690899999999999990000001111111992222222333333333333364444444444444444444444-5555555555570766666666917777776900899999913890111
222222222222111228888883347999999000055551111133300444222222744444433334449066655555566666678788944888855555555555566666677886908999999999999900000011111119-000000000001111111116222222333344444455554466666666667670766666666917777778900899999913890111
9999999999990002211223333474445560000777511111333004448888887444444333344490999999999999000781889442222-2222222334466666677886908955555555555566666666666619777777777777888888999622222233334444445555440000001126767-33333333344445555890086666661-777777
88888888888800022112233334-999999999997750000-0000000-11111111111222222444903333333333330007-44444444444555555-555566666677886908977777777777788888888888819-99999999999888888999600000033331111115555220000001126767-3333333333344555-8900866666614490111
55555555555500022112233334-66666666666775777777777777888888-88888222222-99999999999-00000000000-11111111111222233446666667788690333333333333444444555555661972888888888888999999960000000000111111111122222222112673333333-3333444455558944855555664490177
8888888888880002211223333499995560000777-1111111111122222222222233333333444444444444445-555555555-6666777772222334488888877886909999990000004444445555556619-2111122222233999999964444440000555555111122222222112676667777777889999001-1111122233664490177
4444445555556662211223333499995560000777777777777888888888888999999999999000000000-11111122221339466667777722223344888888-7886-55555555555006666667777776619721111222222339999888644444400005555551111229999991126766677777-788999900000044822233664490177
4444445555556662-11111111111995560000222222222222333333333333444444444444555566666611111-222-13394-666777777777334488889999996000000000000-111111111117766197-22222222222333338886444444444444-55555555555999911267666766666688-77777777777822233664-90177
8888888888886662-9999999999900-000000000111111111111222222222222333333-33333-66666644444422221339455-5555555556-666666666699967777778888888888-8-999999999997000000000003333338886111111111111-22222222222333333267666766666688-44444444444822233664490177
-555555555556662666666666666777-77777777-88888888888999999999999-00000000000--1111111111-22222222-22333333333-334-44444444445-55555555556-6666666666777-777-77778-8888888888338886-999999999990000000000003333332-1111111111188-2222222222-8---3366---0177

-------------------------------------------------
124 zones of desert, nearly 1488 cells not cut