1111111111112222222222223333333333334444444444445555555555556666666666667777777777778888888888889999999999990000000000001111111111112222222222223333333333334444444444445555555555556666666666667777777777778888888888889999990000000000001111111111112223
4444444444445555555555556666666666667777777777778888888888889999999999990000000000001111111111112222222222223333333333334444444444445555555555556666666666667777777777778888888888889999999999990001122333333333333444449999995555555555556666666666662223
7777778889999999999990000000000001111111111112222222222223333333333334444444444445555555555556666666666667777777777778888889999999999990000000000001111111111112222222222223333333333334444445550001122666666666666444447777777777778888888888889999992223
7777778880000000000001111111111112222222222223333333333334444444444445666666666666777777777777888888888888999999999998888880000000000001111111111112222222222223333334444445555555555554444445550001122666666777777777777888888888888999999999999999992223
0000008881111111111112222222222223333333333334444444444445555555555555666666666666777888888888888999999000000000000111111222222222222333333333333444444444444553333334444446666666666667777775550001122666666888888888888999999999999000000000000111111113
0000008882222223333334444444444445555555555556666777777777777888888995000000000000777111111111111999999222222222222111111333333333333444444444444555555555555556666666666667777777777777777775558881122999999999999000000000000111111111111222222222222343
5555555552222223333336666666666667777777777776666888888888888888888995999999999999777000000000000111111223333333333334444444444445555555555556666666666667788559999999999990000000000001111112228881122333333333333444444444444555566666666666677777788343
9999999999990000000000001111111111112222222226666333333333333444444995555555555555777666666666666111111227777777777778888888888889999999999990000000000007788551111111111112222222222221111112228883333333333334444444444445555555566666666666677777788343
7777777777778888888888889999999999990000000000001111111111112444444995333333333333444444444444555555555226666666666667777777777778888888888889999999999997788550000000000001111111111112222222228883333333333334444444444445555555555566666666666677788343
8888889999999999990000000000001111111111112222222222223333332444444995555555555555666666666666777777888229999999999990000000000001111111111112223334444447788555555555555556666666666662222222227777777777778888888888889995555000055511111111111177788343
8888882222222222223333333333334444444444445555555555553333332444444995666666666666777777777777777777888228888889999999999990000111111111111232223334444447788444444444444555555666666666666777777777777888888888888999909991111000055522222222222277788343
3333333333334444444444445555555555556666666666667777777777772888888995000000000000111111111111222222888228888883333333333330000444444444444232223335555557788666666666666555555777777777777888888888888999999999999999909991111000055500000011111177788343
2222222222223333333333334444444444445555556666667777778888882888888995999999999999000000111111222222888222222222222333333440000555555555555232223335555556666666666667777777777778888888888889999999999990000000000999909991111111122200000011111133334345
6666666666667777777777778888888888885555556666667777778888882999999995000000000000000000111111111111111111222222222333333443333333333334444235555556666666666667777777777778888888888889999999999990000000000001111111102222223111122244444444444433334345
5555555555556666666666667777777777778888888888889999999999992999999995000000000000111111111111222222222222333333333333444445555555555554444235555556666666666667777778888888888889999999999990000000000001111111111112202222223111122233333333333333334345
4444444444445555555555556666666666667777777777778888888888882999999990000000000001111111111112222222222223333333334444444445555555555554444236666666666667777777777778899999999999900000000000011111111111122222233332204444443555522266666666666677784345
9999999999990000000000001111111111112222222222223333333333332999999994444445555555555556666666666667777777777778884444444449999999999990011232222222222227777773333338844444444444455555555555566666666666622222233332204444443555577778888888888877784345
9999999999990000000000001111111111112222222222223333333333332444444554444446666666666667777777777778888888888888884444444449999999999990011230000111111111111223333338833333333333344444444444455555555555566666633332207777773555577778888888888877784995
0000000000001111111111112222222222223333333333334444444444442444444555555556666666666667777777777778888888888888889999999999990000000000011230000111111111111222222228833333333333344444444444455555555555566666666662207777773777777778888888888877784995
9999999999990000000000001111111111112222222222223333333333332444555555555556666666666667777777777778888888888888889999990000000000001110011230000222222222222222222228833333333333344444444444455555555555566666666662207777773777788888888888899999984995
0000000000001111111111112222222222223333334444444444445555556444555557777778888888888889999990000001111111111112229999993333334444441110011235555555555556666227777778888888888888899999999999900000000000066666666661107777773777722222222222299999984995
3333333333334444444444445555555555553333336666666666665555556444555557777777777777777779999990000008888888888882229999993333334444441110011230000000000006666227777771111111111112222222222223333333333334444444444441105555553666666666666777777888884995
99999999999900000000000011111111111122222222222233333333333364445555544444444444455555555555566666666666677777722299999988888888888811199999999999900000066662211111111111122222222222233333333333344444444444455555511-6666666666677777777777777888884995
8888888888889999999999990000000000001111111111112222222222226333333333333444444444444555555555555666666777777772228888999999000111111111111222222330000004444444444445555555555556666666666667777777777778888885555551199999903111111111111222222888884335
4444444444445555555555556666666666667777777777778888888888886999999999999000000000000111111111111666666772222223338888999999000444444444444222222335555555555556666666666667777777777778888888888889999998888880000001199999903111111111111222222222283334
555555555555666666666666777777777777888888888888999999999999600000000000011111111111122233333333333344477222222333888855566600077777777777788888833999999000011111111111122222222222233333333333344999999567888000000119999990000000000000111111-222222222
3333333333334444444444445555555555556666666666667777777777776888888888888999999999999222000000000000444771111113332222555666000333333333333888888339999990000444444444444555555555555666666777777448888-99999999999000099999901111111111111111112222283334
3333333333334444444444445555556666777777777777888888888888996000000000000111122222233222444444555555444771111113332222555666666666666666778888889330001110000222222222222333333444444666666777777448888-55555555555000066666607777777777778888882999993334
0000000000001111111111115555556666222222222222333333333333996444444444444111122222233222444444555555444775555555552222555666667788888899778888889330001110000000000001111333333444444222222222222448888-33333333333000066666604444445555668888882999993334
77777777777788888888888899999966660000000000001111111111119962222222222221111333445336666666666667777777777778888888888889996677888888997700000091100011122222222222211113333333333334444445555554466666656777777777777788888044444455556699999920000132-3
4444444444445555555555559999996666666666667777777777778888996999999999990011133344533222222222222333333333333444444444444999667755555599770000009110001116666666666661111777777777777444444555555446666665678888888888888888809999995555669999992000013233
00000000000011111111111122222233333333333344445555666-7777777777788888890011133344533000000000000111111111111222222222222999667755555599773333339114444445555555555556666666666667777777777778899900000015672222222222223333309999994444665555552000013233
66666666666677777777777722222288889999990044445555666-1111111111188888890011133344533222222222222333333333333444444444444999667755555599773333339114444446666666666667777777777778888888888888899900000015679999999999993333300000004444665555552111113233
2222222222223333333333334444448888999999004444555566655555555555566667790011188844599999999999900000000000011111111111122222667755555599333333449115555555555556666666666667777777777778888888899999990015671111222222222222300000004444664444442111113233
5555666677777788888899004444448888111111002222223366644444444444466667790055588844566666666666777777889999990000000000022222111111111111333333449112222222222223333334444444444445555558888888899999990015671111666666666666307777778888884444442111113233
5555666677777788888899009999999999111111002222223300000000000012366667790055588844555555555555777777889999996666666666667777777777778888888888449999999999999003333331111111111115555552222338844499990015671111555555555555367777778888887777772888813294
5555666600011112334499005555555555556666007777883399999999999912300007791155588844522222222222333333884445555555555556666666666667777777777778449999999999999000000000000001111111111112222338844422220015673333333333334444365567788888897777772888810291
2222223300011112334499004444444444446666007777883355556666667712300007791155588844599999999999333333884440000000000001111111111112222222222228449333333333333004444444444445555555555552222336644422220017777777777778884444365567788888899999992888810291
22222233000111123344990000000000000066661277778833555566666677123000077911334888445555555555555666678844488888899999999999900000000000011111184492222223334440055555555555566666666666677773366444222200188888899001-2222222222267733333399999994444410291
55555533000666623344990077777777777788891200008833555511112277123333333911334888445444444444444666678844488888855555555555566666666666611111187772222223334440088888888888899999999999977773366000000000188888899001-1111111111167733333392222224444410291
5555553333366662334444444455555555558889120000886666661111227712333333391133488844577777777777766667888888999000000111111111111222222222222338777444444333444005555555555556666666666667777336677777777718888889900198880000365567711111192222222222210291
3333333333366662334444444444444455558889120000886666661111227712366666691133477777777777788888888887888888999000000999999999999000000111111338777444444333444222222222222333333333333455556666677777777718888889900198880000365567711111199999992222200191
3333333333322222333333333344444455558889124444444444445555227712366666696633477777777777788888888887999999999000000000000111111000000111111338777222222222222333333333333444444444444455556666655555566617777779900198880000368869999999999999990011100191
2222223333322222444444444444555555556669127777777777775555228812399999906633411111111111122222222227999999999333333333333111111444444444444338555555555555666666666666777777777777899455556660055555566617777779900198882-33333333333444596666660011100191
2222223377722222888888888888555599996669120000000000005555228812399999906611422222222222233333333337444444444444555555555555666666666666777338888888888888999999999999000000000000899411116660022222266613333333333198882445368866666444596666660011100191
7777773377788882999999999999555599996669120000000000001111228812333333306611444444444444455555567777888888888888999999999999000000000000777338111111111111222222222222333333333333899411114440022222266615555555555196662445768866666444598888880011100191
777777337778888299999999999900009999666912111111111111111122881233333330661142222223333335555556777744444456666666666667777777777778888877799800000000000011111111111122222222222289941111444003333334441555555555519666244576886666644459888888006-777777
888888337778888299999999999900000000001912222222222222111122883333334440661142222223333335555556777744444456666666666667777777777778888877799888888888888899999999999900000000000089941111444003333334441222222333319666244574886555555659-777777777770181
8888883399999900000000000011000000000019122222222222223344228833333344405511466666666666655555567777777777588888899900000000000011111111111992222222222223333333333334444444444445899411114440066666644412222223333196662445747775555556588888888869900181
2222222299999933333333333311444444444419125555555555553344226666777744405511488888888888899999960007777777588888899911111111111122222222222993333333333334444444444445555555555555866411117788866666644419999993333190002445747771111116522222222269900181
3333333333334444444444445511666666666619777777777778893344226666777744405500000000000011299999960003334444555566699977777777777788888888888999999999999990000000000001111111111115866422227788833333344419999995556690002775747771111116588888888869900181
9999999999990000000000005511111111222213333333333338893344446666777755605577777777777711288888860003334444555566699999999999999900000000000991111111111112222222222223333333333335866422227788833333344414444445556690002775747775555556566666678869900181
9999999999990000000000005511111111222211112222223338893344444444445555605566666666666611288888860003334444555566677777777777788888888888899999999999900000000000011111111111122225866422227788833333344414444445556640002775745555555556566666678869900181
66666666666677777777777755118888882222111122222233388933444444444455556055999999999999112000000611133322225555666333333333333444444444444555555555555667777778888888888889999222258660000077111333333444122222255566433327757455544445665777789788699-0000
1111111111112222222222225533888888444511116666663338897777448889995555600000000000001111200000061112222222533333333333344444444444455555555555566666666777777777777777777999922225866000007711188888899912222220006643332775745554444566577778978861100000
222222222222333333333333553344444444451111666666333889777744888999555565556666667777111128888886111222222259999990000001111111111112222222222226666666633333333333344444499995555566666666661118888889997778889000664333-0000000000045661777789788611-2222
3333333333334444444444445533444444444516666666666667797777448889995555655566666677771188288888861112229999599999900000000000000000011111122222222222266333333333333444444444455555555555555511166666699977788890007743338899740000011566122228978861122222
333333333333444444556777553388888844451999999999999779000000888999551165552222227777118823333333333222999954444444444445555555555551111116666667777776688888888888899999944445555500000000000016666669997778889000774222889934000001156612222897-444444444
5555555555554444445567775533888888666517777777777777790000008888889911655522222200011188222222222222239999444444555555555555666666666666766666677777766888888888888999999444499905111111111111122222222277788893337742228899344445511566122228976661170881
9999999999990000005567775533112333666544444455566667797778888888889911699999999900011188200000000000031111444444222222222222333333333333744445555555555556666666666667777778999905000000000000111111111111122293337742228899334445511564155558976661170861
7777778888880000005567775599112333666544444455566667797778880000009911611111111100012288233333344445531111666666666666777777777777888888744449999999999990000000000007777778999901111112222223144444444444422293337742228899334445511564155558976665576867
7777778888888888885569995599112333666500000055566667797778880000009911611111122200012288233333344445531111333333333333444444444444888888744445555555555556666666666667777778999901111112222223188888888888822293337749998899334445511564155558976665576867
0000000000008888885569991299112333333500000055544445557778886666669911611111122277712288888888844445539999999999990000001111112222223444755555555555566666666666677777777778988809999999999993100000011111122292222249993333334445556564177778978885576867
99999900000000000011699912991122223335333333444444455555555566666699666677778222777122999999999999055311111111111100000011111122222234447222222333333333333444444777755555589888066667777778831000000111111990922222499933333344455565641777789-1111111111
99999922222233344511699912991122223335333333444444455555555566666677666677778222777122888888888888055399999900000000000011111122222234447222222333333333333444444777755555589888066667777778831444444444444990955555599933333344466565641777789-7777777777
888888222222333445116-999999999992333500001-22222222222333346666667766667777855577712266666666666605539999997777777777771111112222223444788888888888899999999999900000000008988806666111111883122222222222299095555553333334334446656554166667778885576867
8888888888883334451169991200002222111100001-22222222222333343333337744444455855566617777778888889900031111111111112222222222223333333444755555555555566666666666677777777778988809999111111883100000011223399094444443333334335666656554166667777777776867
8888888888883334451169991200002999111100001000000000000333343333337744444455855566617777778888889900031111111111112222222222223333333444733333333333344444444444455555566668988809999777777883100000011223399084444449999994335666656554066667777777776867
88888811111122244511699912000029991111334415555555555556666477777777888888558555666199999999999999000300000000000011111111111122222234447333333333333444444444444555555666689888099997777778831555555112233990866666699999943356666565540-7777777777776867
8888881111112224459999991200002999111133441222222222222666647777777788888855833366614444444444449900035555555555556666666666662222223444777777777777788888888888899990066668988801111111111113255555511223333086666664444444535666656554066666666666676867
8888887777772228859999991200002999111133441000000000000666641111111111112255833333333333333344449900055555555555566666666666677777783999999999999000000000000111199990022228933333333333344443255555511223333086666664444444535667856554090011222222336467
55566677777722288599999912000078881111334419999999999990000411111111111122558333222222222222444499000333333333333444444444444777777835555555555556666666666661111999900222277777777777788444432555555112233330866666699999945-00000000000900112222223364-1
55566622222222288599999912333378884444334415555555555550000466666666666622778333888888888888444499000000000000011111111111122222233834444444444445555666777781111999900222200000000000088444412222222222222330833333399999945-4444444444490011555555336411
55566677777777788588899912333378884444334419999999999990000400000011122222778333333444444444444599066666666666677777777777722222233838888888888885555666777789999999900000000000000111188222212333333333333330833333344455645-7777777777790011555555336411
55566688888899988588800000333378884444111112222222222223333400000011122222778333333444444444444599055555555555566666666666677777733888888888888995555666777789999999900000000000000111188222212111111111111330822222244455645-3333333333390011444444336411
55555588888899988588800000677879999990111111111111111113333422222211122222773333333333334444555599666666666666777788888888877777733899999999999990012666344-55555555555666666666666111188222212777777777777888822222244455645-9999999999990011444444336411
5555550000009991118882222267787999999011111333444455555333342222221112226777888888888888444455559999999999999977770000000000001113382222222222299001233334448555555555555666666777777888899901211111111111188882222224445564535447855666097777777777776411
8888880000009991119992222267787000000011111333444455555222222222222333336777444444444444444455559955555566666677777778888900111113382222222222299001233334448333333333333666666777777884499901255555555555588882222226785569535447855666090000000000006411
888888222233-444444444445567787000000011111333444466666666666677777333336788888888888899900055551155555566666622227778888900111113384444444444499001233334448555555555555666666666666884499901277777777777788888888886785569539447855666090000000000006411
1111112222332221119993335567787444444055555333666666666666777777777888886799999999999999900000051111111111111122227778888900111113382222222222299001233334448333333333333444444444444884499901255666777777888888888886789969539447855666091111111111116411
111111222233222222999333556778744444405555533333333333344477775555588888676666667777779990000005118888888888882222777901-2222222222233333333333340012555344486666667777777777778888888844-9999999999977777888880000006789969539447855111092222333333446411
555555555533222222666333556778788888809999999999990000044477775555511111676666667777779990000005112222222222223333334901-5555555555566666666666647712555388486666669999999999998888888844-0000000000011112222220000006789969339447855111092222333333446411
444444444433222222666333556778788888805555555555550000044466666677711111678888888888889999990005110000000000003333334901-1111111111122222222222247712555388483333333333334455555566666644-7777777777711112222228888996789969339000000111012222222222446311
444444444433566222666777556778888888900000000000001111144466666677722223674444444444449999995555116666666666667777884901-999999999990000000000004771255538848111111222222445555556666663334401555666611117777778888996789969339000000111018888222222446399
000000000000566111666777226778888888903333333333331111144445555677722223677777778999999000005555111111111111227777884901-33333333333444444444444477125553884611111122222244777777777777333440855566669999777777888899678996933900111111201888833333344-444
5555556666665661117887772267789999999000000011112222223444455556777222236777777789999990000055544444444444452277778849016977777777777788888888884771255538846999999999999440000000000003334408511666699992222222222996783339339001111112018888333333444444
5555556666665661117887772267789999999000000011112222223444455556444444536766667788888888888855599999999999952200008849016911111111111122222222224771255538846333333333333444444444444443334408511567-88888888888999996783339339000001112012222222222224444
33333333333356611178844422555555555596666777111188888839999990064444445367666677811111111111122222222222233522000088490169444444444444555555666647-8888888888899999999999440000000000001114408511567222222222222999996783339339000001112013333333333334399
5555555555555666667884442277777788889666677799998888883999999006000000531166667782222222222223333333333333352200008849016944444444444455555566664755555555556666666666666777777777777881114498511567000000000000999116783339329000001112013333333333334399
44444444444455666678844422777777888896666777999978889930000000060000005311111177822222222222233333344444433522555566490167777777777778888999666647-0000000000011111111111122222222222881113498511567555555555555999116666667329000001112018888888888884399
0000000000005566667884441111112288889333377799997888993000000006444444531111117785555555555553333334444443356655556649016777777777777888899988884799000000116222222222222333333333333881113498511567444444444444566116666667327788888892010000001111114399
2222222222225566667333331111112244449333355555567888993777777006444444531111117788888889999999999990000003356655556649016111111111111888899988884799000000116222222333333333333444456887773498588567999999999999566110001127327788888892310000001111114399
4444444444445565557333336666662244449333355555567888993777777006777777531188888888888889999999999990000003356600006641116222222222222333399988884799555555116222222666666666666444456887773498588567777777777777566110001127327788889992310000000000004399
1111111111115565557222226666662244449333333333367444993555555666777777531188888887777777777778888888888889956600006601116111111111111333322222234799555555116444444444444555555444456887773498588567666666666666566110001127-77777777777318888888888884399
9999999999995565557222220000002211119222222222267444993555555666333333534444445586666666666667778888889999956600006601116000000000000333322222234799111111116222222333333555555444456557773498588567666666666666566770001127827788889992399999999999904199
22222222222235655574444400000022111155555566666674447738888886663333335-9999999999900000000007778888889999956611111101116222222222222333333333334799111111116222222333333444444444456555563498788567888888888888566779991127827700009992311111111111104122
333333333333356444744444555555661111555555666666744477388888866777777859999001552222222222223777444444999995551111110667688888888888899999900003471111111111112222222222244444444445655556349378856744444456666657777999112782-888888888889999999999904122
001112222333356444444444555555665555556666777776788877999999066777777859999001551111111111113777444444999992553444450667666666666666799999900003478888888888889999999999990000000005655556349371156744444456666657777999222782-333333333334444445555504122
001112222333356444444444678888665555556666777776788877999999066999999809999001551111111111113222222222222992553444450667333333333333744444400003475555555555556666666666667777777775655556349371188888888859000057777999222782-111111111114444445555504122
0011122223333564442222226788886633333366664444467888775555550669999998078990015500000000000031111111111112225534444506673333333333337444444444434555555555555666666666666777777777756555563493711888888990590000577771112227822334444495366666677777708122
00111999933335600022222267888866333333111144444678887755555506622222280789900133333333333344355555555555522255366665066777777777777778888884444349999999999990000000000001111111111562255634337118888889905900005774411122278-5555555555566666677777708122
006669999777388000999999670000661111111111222236444444444444066222222807899001555555555555443666666666666222553666650667777777777777788888844443488888899990000001111111111112222225622336443371155556699059777757744111222-888888888885399999999999908100
0066699997773880009999996700001111111111112222362222222222220663333338078994415555555555554436666666666662227736666508-9999999999900711111111113488888899990000002222222222222222225622336443371155556699059777733344111222-444444444445355555555555508100
6766688887773880009999996700001100000000002222311111111111120663333338078994413333333333334434444445555552227736666508-77777777777007888888888834999999999900000000000011111111111122223364433733555566990597777333444445555862337777775888888888888908100
6766688887773880009999996711111122222222222233344444444444420665555558078994416666667777774434444445555552227736666508-88888888888007999999999930999999111111111111222222222222333322223364433733444466990595555333444445555862337777775666666666666908100
6777788888893880000000006711111111111111111133322222222222220335555558078444416666667777774435555556666667727736666588-99999999999007000000000000111111111111222222222222334455333322223364433733444466-66666666666444445555862777777885999999999999908100
6777700008893880000000006711111111111111111133322222222222220333333338078444414444444444445535555556666667727736666588-77777777777007888888888880999999999999000011111122334455333322333364433733444466440595555555554446666762777777885888888888888998000
6777700008891110002222226733331144444444444433355555555555520333333338078444416666666666665537777778889907727736666588172222222222007333333333330444444444444000011111122334455555522336666633733888888440599999555550006666762111111885222222222222998033
67777000088911144422222267333355556666667777333888888888888203399999900784411111111111122255-3333333333307724436666588155555555555567777788888890000000000000000011111122334455555522336666632733888888440399999444440006666762111111885555555555555998033
676666667889111444888888673333555566666677773339999990000002-111111111118442223333334452225566666678889907784499999988100000000000061777788888890222222222222333411111122334455555555336666632777777788440399999444440009999762000000885111111111111998033
676666667889111444888888222222555533334477775539999990000002-666666666668442223333334452225566666678889907784499999988177777788888861777799999990000000111111333422222222334455344555336666632777777788440366666666660009999762000000885777788999999998033
6700000071192224443333442222225555333344667755388888888888829999999990000002221111114452225522222273339904484455555588177777788888861666699999990000000111111333422222222777777344555338888832799999988440311111111112229999763333333333777788999999994033
6700000071192225553333446666665555333344667755377777777777728888888880000002221111114459999922222273339904484455555588100000000000061666611111190222222222222333433333333777777344555448888852799999988660377777777772228888769999990000777788111111994033
6722222271192225553333446666665555333344667755445555556666627777777770888888888888994459999900000073331104484422223388144444444444461666611111190555555555555666477777777777788344555449999052711222388660344444444442228888769999990000555688111111994077
6722222271192225558888449999999999333344667755445555556666620000000000111111111111994452222200000073331104483422223385166666666666661777777777790888888888888666499999999999988344555449999052711222388660300000000002228888761111110000555688222222994077
333333337119-444444444445555555555333344667755446666666666667777777770888888999900991152222222222273331104483422223385144444444444461555555666690777777777777666488889999990088344512449999052711222333660344444444444455555761111117777555688222222894077
9999990071191111118888442222223333333333667744445555555555556666666660888888999900991157777722222273331104483488883385199999999999961555555666690000000000001666488889999990088322512443333052711222333660344444444444455555765555667777555677777788894077
9999990079991111110000002222221111111111112244443333333333334444444440555555999900991157777766666673331107783488883385199999999999961000000666691111111111111222488883333330088322512443333052711445333660366666666666677778765555667777999677777788894077
0000000079991111110000002222222222223333332244444444444444445555555550555555666600991157777766666673331107783488883385188888888888861000000999990000000000001222411123333330088322512333333052711445333440355555555555577778665555667777999688888888894077
0000000079991111111111111111112222223333332244333333333333444444444440555555666600661157777777777778888887783499990085111111111111261333333999994444444444441222411125556660077322512338888052900445333440311111111111177778662222667777999688888888894033
4444440079995555555555556666772222228888882244999999999999000000000000555555666600661151111177777778888887783499990085222222222222231333333999944444455555561222411125556660077322512338888057900445333440888888888888999008662222667777999611111188894033
4444440022222222222233336666774444-55555555555666666777888888888888999999999999000661111111122222222222237743499990085555555555555236666667789944444455555561000011125556661177322512338888057900445322440333333333333999008662222664444445611111188894033
6667778888888888889933336666774444000011122233666666777444444444444555555555555000661116666666666667777737743488880085999999999999236666667789900000000000061000011125556661177222212333333057900445322440444444555555999008666666664444445677777788894033
66677799999999999999333301227744440000111233334444447775555555555556666666666660006611177777777777777777388434888800859999990000-1111111111189922223333334461000011125555551177222212333333057900665322447444444555555999008666666668888885677777788899033
66677700000011111199222301227744440000111233334444447775555555555556666666666660006611177777777777788888388434888800859999990000992300000077899222233333344611111111255555511772222122233330-3333333333347555555666666777008668888888888885699999988899033
6667770000001111119922230122774444000011123333111122222233333344444455556666666666667777888888888888888838843499999985000011000099230000007789922222222334461111111124444441155555512226666667977665822947555555666666777008668888880000115299999988899033
4444445555555555559922230122664444000077723333111122222233333344444455558888888888887777990011111111111138842299999983000011444499235555557789966662222334461111177724444441155555512226666667977665822947888888999999777008661111110000115222222288899033
44444433333333333399222301226644-5555555555533111166666666666677777755558888888888887777990099999999999938842200000083000011444499235555551182266662222334461333377724444444444445555226666667977665877947888888999999777008681111110000115222222288-99999
0000000000001111111111130122664422222277723334444445555555555577777766666666666677777777990088888888888838842200000083999911444499230000111182266662222334463333377724444444444445555226666667977665877947555555555555666008687777777777115288888899999999
0000001111111111112222330144664422222277725534444446666666666667777777777778888999999000990011111111111132242233333343999911555599230000111182266662222337763333377728888889000125555223333337977445877947666666666666666007688888888888115288888899-99999
0000000000000000002222330144664411111111125532222222222223333333333334444558888999999000990066666666666632242233333343999911555577230000111182266662222337763888888998888889000120000003333337977445877947111111111111666007283333334456115277777799999999
8888888888889999002222330144664411111111125532222222222223333333333334444558888444444000990055555555555532242266666643777777555577839999111182266660000007763888888991111229000120000003333447555445877947666666666666666007283333334456775277777799889999
0000000000009999001111330144224433333333325534444444444445555555555554444556666444444000777777777777888832249966666643777777000077819999111182222220000007733444444991111229000125555553333446555445877947777777777777888887289999004456775211111199889999
22222233333399990011113301442244444444444255355555555555566666666666677775566668899999900000000000018888-2222222222243333333000077819999114444422225555557733444444991111229666125555553333446555445877947888888888888888887289999004456779211111199889999
2222223333330000001111330144221111111111115532222223333333333334444447777556666889999995555555555551888862279988888843333333000077819999994444422225555557733000011992222229666123333333333446555445877947444455555555555567289999004456779277777888889999
9999999999990000000000331111222222223334444532222226666666666664444447777557777888888888888889999991000061179988888843222222222277819999993333333333334444433000011992222229666125555556666446778885877949444400000000000067281111004456779277777888882222
33333344445500000000003-6666666666623334444537777888888888888999999999999007777881111111111119999991000061179922233343444556666778819999999999990000004444433000011112222229666125555556666446778885877929444433333333333367281111004456779255556888882222
3333334444557777770000381111229001113334444537777222222222222333333333333007777884444444444445555551000061179922233343444556666778816666666666660000007777833999911110000009111122222336666446778885577629777777777777888867281111004456999-00000000000222
1111114444557777772222383333339001113334444537777555555555555666666666666007788889999999999995555551000161172222233343444556666778814444444444445555667777833999911110000009111122222337777446778885577629888888888888888867289999004456999-11111111111222
1111113333554444442222383333339001115554444536666666666667777777777778888007788999999999999000000111000161172222233343444552222778813333333333335555667777833999911114444449111122222337777446775565577629888888888888888867299999004456999000116222222222
3333333333554444442222384444449001115554444555555566667777778888889998888007788000000000000000000111000161172211111143222552222778813333333333335555664445836666677114444449111128888337777446775565577629999999999999000067299999004456999000116222222222
3333333333551111111111184444449002225553333555555566667777778888889998888007788444444444444555555111000166672211111173222552222778818888888888899001664445836666677112222222222228888333333446445565577629666666666666000067298888004456999000116999999222
0000000000001111111111182222229002225553333533333366664444444444449995555557788666666666666555555111777166672288888873222999999998810000000000099001664445831111177222222222222338888333333446445565577629444444444444000067598888006666999000116999999777
8888888888889999999999982222229002221113333533333322222222222233339995555557788444444444444555555111777166672288888873222666666778819999999999999001664445831111177000000000000331111113333226445565577629333333333333444467598888006666559666116788889777
0000000000001111111111182222229002221113333544555566666677777733338888888888889999999999900555555111777166671111112273333666666778844444444444499001555565877777777888888888888331111119999220445565577629111111111111444467592222226666559666116788889777
3333333333334444445555682222229007771113333544555566666677777733338888888888889999999999900001111112777166671111112273333334444778855555555555599001555565877777777666666666666337777779999220448865599629000000000000444467592222221111552666336788889777
4444444444444444445555685555559007771113333544555566666666666677777777777788888888888899000001111112111126633333342273333334444778855555555555599001555565866666666666677788888337777779999220448865599629999999999999000017592222221111552666336733-44444
555555555555666666555568555555900777777888884499999900000000000011111111111122223333339900000444444211112-555555555553333334444778866666666666677771888865899999999999977788888330000000000220118865599622222222222333000017592222221111552444336733444444
5555555555556666666666687777779007777778888844999999888888888888999999000012222233333399000004444442111123333333342273444335556777888899990000177771888865822223333444477755555555555566666220118865599677777789999333000017590111111222552444333733-44444
5555555555556666666666677777778888887779999044111111111111222222999999000012222233333399000004444442111125555556642273444335556777888899990000177771888865822223333444477799999999999966666000118865199277777789999333333317590111111222442444333733444444
5555556666666666666666677777778888887779999088888888889999222222000000000012111133333399022004444442333325555556644475444335556777888899990000166661777765822223333444488888899999999999900000118865199211111189999333333317590222222222442444333733339444
55555566666655555566666777777777777788899990999999999999990000000000001111121111222222990223333334423333255555566444754446655567778888777788881666617777658999999999999888888000000111122000001133351442111111855555563333175-7777777777742888883733339444
9999999999995555556666670000117777778882222033333344459999000000666666111112111122222277022333333442333325555556644475888669996777800077778888166661777761822223333333333334400000011112200000113335144255555585555556667717580999999000442888883711339444
2222222222223333336666670000114444448882222033333344455555555555666666111112666667777877022999999442000122222226644435888669996777800077778888144444455561822226666666666664477777711112200000883339144255555580000006667711580999999000442222223711339444
3333333333333333334444670000114444448882222055555544456666666666667777778912666667777877022999999442000122222226644435888669996777800000001111144444455561822222222222222224477777733332200000883339144244445580000006667711680777777000442222223711339888
999999000000000000444467111111222222222222-333333333334444444444447777778912555557777877022-66666666666127777778844435888669996997000000001111111111155561822222222222233334444444433332200550886669144244445587777776667711680777777000892000113211333888
9999994444444444444444671111115555555556666077777777758888888888889999998912555550000877011-2222222222212777777884333544466556699707770000111111111115558189999990000003333444444443333221-222222222224244445587777776667711680333333444892000113211553888
666666666666777777777777111111888888888666609999999995000000000000999999891211111000087701122222222222212333333884333544444556699707775555555516666666668189999990000003333447777777777771-888888888899200005581111116667711680333333444892000113211553888
333333333333444444444447555555555555666666607777777775888888888888999999891211111000080001111111111111112333333883333544444556699707774444445516666666668187777777777778888888888889999991-000000000009200005581111116111111680222233444892000113245553666
7778888888888889999999970000000000006661111022222222253333333333339999998912444444444800011555555555555126666668833335444445566997077744444455177777788881899999999999900000000000099999911552222229199200005583333336111111680222233444892444113245553666
77755555555555566667777788888888888866611110999999012533333333333344444489555555555558000116666666666661266666688333357784455699900111111222553777777888818455555555555566666666666677777115522222291992-8888888888836999991680222233112892444113245553666
7774444444444446666777755555555555566661111-77777777777888888990004444448911111122222800011333333333333124444445533335778445569660011111122255377777788881-88888888888999999999999007777711111111119299333333333333446999991680555533112892444663245553666
7777777777777776666777788888888888869999999999900001251888888990002222228911111122222833333333333344444124444445535536778447769660088888822255377777788881-99999999999000000000000001111111222222339299444444444444446555551680555533112892444663245663777
888888888888999999999999000000111-222222222223300001251444444990002222228955555566667888888888888844444129999995535536778007769660088888822255311111122281-33333333333444444555555001111111222222339266666666666677448555551680555533112892999663245663777
0000001111111111112222220000001113364444444443300001251444444990006666668955555566667877777777777788888129999995535536778007769660099999900000311111122281142222222222444444555555003333411555555339266666677777777448888891600111111112892999663245663777
000000222233333344222222555555111336666666666330000125177777799888666666899999996666700000011111128888832444444553555677800776966009999990000036666772228114888888999900000000000000333341155555533-111111111117777448888892600111111112892999663245663777
3333332222333333444444445555551113365555556663377801251777777998889999999999999900017000000111111222333324444445535556448007769660056677888888366667722281148888889999999999999999003333411000000331222222222222277448888892300444444442892999663245663555
333333222266666644444444777777777336555555666337780125188888899888000000000000110001722222222222222233332333333333555644800776944055667788888836666776668114777777999988888888888899999941100000033120000000000007711822239230044444455266277777384566-999
0000000000666666441111111111112223363333336663377801251888888998884444444444441100017555555555555222333326666667738856448009999440556677000000311117766621147777773333333333334444999999451666666661277777777777777118222392300444444552662777773845889999
99999999999900-11111111111222222233633333366633778012514444449955555555555566611000177788888899992223333266666677388564480-1111111111177000000311117766621142222222222223333334444444444451555555551266666666666677118222392300888990552661111113845889999
22233333333300-444444444442222222-5555555555533778012514444449966666666666666611778177788888899992229993011111177288564480-3333333333377444555311117766626647777777777773333334444444444451888888881299999900000077118222392300888990552661111113811882-33
222444444444005555555555552222222-666666666663377801251777777998888888888886661177817779999999999222999301111117728856448009999440556677444555311111111126642222222222223333333333334444455555555551299999900000077118666392300888990552667777773811882333
2228888889990000000000000011111222364444445553366877751777777998888889999996661177817779999990000211999302222227728856333004444445556666444555777777777726688888888888899999900000014444452222222221233333333333377118666392304888990555667777776811882333
222888888999007777777777771111122238444444555336687775199999999888888999999000007781777111111000021199930222222772885633300444422555666644455533333333332664444444444449999990000001444445555555667188888899999907711866639230422-333333333334446811882333
556666667999008888888888889999022238111111555336687775222222222222333333333000007781777111111000021144430555566662775833300444422555666699999999999900002661111111111112222222222221333345555555667188888899999907711866639230422-444444444444446811-55555
55666666799966666666666677999902223811111155588668777599999999999900000000000011778122222233334452114443055556666277583330066672255588888888888899990000266000011111122222222222233133334544444466715555555555550661177773923042288-9999999999946811555555
550000007111111111111222779999033338444444444886685555555555556666666666667777118881222222333344521144430555566662775899900666722555000000000000999900002-1111111111122222222222233133333544444466714444444444440661177773523642288-7777777777746888-99999
550000007000000000000222771111033338222222222886683333333333334444444444447777118881555555333344561144470888999012772899900666722555333333333333999944442-555555555556666666666663317777358888996671000000000000066117777351364228820335444444556888999999
5566666677777778888882227711110333389999999998800000000000011111111111122277771188835555554456445677777708889990127728999006667225588888888888899990444421111112222222222223344453317777358888996676666666666667066118888351964228820335444444556888-00000
5566666677777778888882227711110333381111111118822222222222233333333333322244441188835556664456445677777708889990127728999007777895000000000000199990444421111112222222222223344453317777358888993374444444444447066558888651964778820335888888556988000000
0000001172222222222233447755550666387777778998800000011111111111122222222244441188835556664456445633333708889990124428555007777895666666777777199990888899999999999900000013344453312222333334993375555666677777066558888651964778820335888888556988882999
000000117000000000003344-11111111111777777899220000003333334444442222222224444558883555666445666563333370777777012442855580777789566666677777719999088880000000000000000001334445111222233333499337555566667777702255333365196477-444444444445556988882999
666666117777777888883344-9999999999900000089922-11111111111444444-222222222223554443555666445666565555576777777017442855580777789588888888888819999088889999999999990000001331115111222233333499337555566667777702255333365196477-222222222225556933884999
666666117777777888883344555555066638000000899226666666666667777777777778888883554443999999445666565555576000000017442855581111789522223333334419999055555555555566660000001331115111777839999400337111111111111702255333365196477-222222222225336933884999
4444441175555556666633445555550777788888888992299999999999900000000000088888835544439999991156665622222760000000174428333811117894222233333344155550666666666666666677777718-9999999999939999400337000000000000702255111165196277-333333333335334933884555
4444441175555556666633446666660777778888888992288888888888899999999999900000035544431111231156665622222764444440174428333811117894222255555544155550666666666666666677777718711151187778399994009999999999990007122221111651962334526666666665334933884555
777777777777888888888888666666977777000000811222222222222223333333333330000003554443111123115666565555576444444017662-777777777774888855555544155550999999999999000000111118722251187778333334004444444444440007122221111651962334525555555555334933674555
888888888888999999999999000000911117000000811222222222222333333333333444444553664443111123115678965555576000000017662-111111111114888822222244133330444444444444000000111118722255586668333334007777777777770007188229999651962334520000000005334933674555
11111111111122222222222200000091111733333381144444444444455555555555544444455366444366662311567896777787600000001766299998000008948888222222441333301111111111112222221111187222555866683333340044444444444400071882299996-5555555555566667775334988674999
0000000000001111111111112222229111173333338113333333333334444444444445555555536644436666231156789677778-77777777777689999800000894999000111111133330222222222222222222333-44444444444668355554666666666666777777188229999688992334500066667775-11111111111
2222222222223333333333332222229444475555558116666666666667777777777775555555536688886666239999789677778-00000000000689999811222894999000111111133333344444444444455555333-66666666666668355554777777777777777778188229999688092334500066667775-11111111111
2222222222223333334444444444449444475555558115555555555556666666666667777885536688889999239999789600008-11111111111682222811222-33333333333444433333355555566666655555333-77777777777888355554999999999999000118188229999388092444500055567775774888674999
9999999999993333330000000000009444471111112222222222223333333333334447777885536688889999239999789600008-55555555556682222811222774999000888444499999955555566666600000333118722225583888344444444444455566000118188229999388092444500055567775774888674888
9999999999990000000000001111119222271111113333333333334444444444444447777885536666669999237777789600008-88888888888682222-99999999999000888444499999911111111111100000-2222222222338388834444444444445556600011815522666638809244457775556777-888888888888
999999999999000000000000111111922227111111222222222222333333333333444-4444444444466655662377777896-777777777778888668-99999999999400000088811111122222233333333333344444411872222338388835555556666665556600011815522666638809244457775556777-777777777778
888888888888999999999999000000922227111111111111111111222222222222444-33333333333-4444444444477896-5555555555588886686666611-7777777777788811111122222288888888888844444411879999338388-0000000000066555661111181552266663-222222222223336777-444444444448
5555556666666666667777770000009888879999999999990000000000001111111111112225533333333336234444789655558666666-777777777776888-999999999990000001111112222222222223333334411-5555555556663777777777777-888888888885522999930000004457773336111177-222222222
5555553333333333337777774444-555555555556666666666667777778888999900000022255111111-11111-2222222222258666666333333684444-55555555555-6666666666611117777777777773333334411-888888888886399999900000000000011-11111111111300000022222233361111-33333333333
444444444444555555-55555-6666666666677777788888888887777778888999900000022255-9999999999900000089655558-11111111111-22222222233333333333344444444444455555555555566666644-77777777777666399999988888888888111999999-99999-00000000000233361111-11111111111
-222222222223333333333334444-4444444444477555555555555-66666666666-77777777777-8888888888800000-99999999999-0000000000044111111111111-22222222222333333333333-444444444445555555555536663-666666666667777777777778888888888889999999999996000000000000----

-------------------------------------------------
178 zones of desert, nearly 2136 cells not cut